#
# A fatal error has been detected by the Java Runtime Environment:
#
#  EXCEPTION_ACCESS_VIOLATION (0xc0000005) at pc=0x026d4854, pid=10392, tid=0x0000311c
#
# JRE version: Java(TM) SE Runtime Environment (8.0_92-b14) (build 1.8.0_92-b14)
# Java VM: Java HotSpot(TM) Client VM (25.92-b14 mixed mode, sharing windows-x86 )
# Problematic frame:
# C  0x026d4854
#
# Failed to write core dump. Minidumps are not enabled by default on client versions of Windows
#
# If you would like to submit a bug report, please visit:
#   http://bugreport.java.com/bugreport/crash.jsp
#

---------------  T H R E A D  ---------------

Current thread (0x1588d400):  JavaThread "AWT-EventQueue-0" [_thread_in_Java, id=12572, stack(0x18e50000,0x18ea0000)]

siginfo: ExceptionCode=0xc0000005, ExceptionInformation=0x00000008 0x026d4854

Registers:
EAX=0x000003f0, EBX=0x14e707c8, ECX=0x18e9e42c, EDX=0x0000001b
ESP=0x18e9e42c, EBP=0x18e9e454, ESI=0x14e707c8, EDI=0x026d4854
EIP=0x026d4854, EFLAGS=0x00010246

Top of Stack: (sp=0x18e9e42c)
0x18e9e42c:   176fd530 047d9172 18e9e434 14e71ea7
0x18e9e43c:   18e9e464 14e72078 00000000 14e71eb8
0x18e9e44c:   18e9e42c 18e9e460 18e9e488 02554889
0x18e9e45c:   00000000 04a23e90 0494de60 18e9e468
0x18e9e46c:   149a251d 18e9e494 15545e98 00000000
0x18e9e47c:   15544e00 18e9e460 18e9e490 18e9e4b8
0x18e9e48c:   02554889 04a23e90 0494e008 18e9e498
0x18e9e49c:   147d757a 18e9e4cc 1539ae38 00000000 

Instructions: (pc=0x026d4854)
0x026d4834:   
[error occurred during error reporting (printing registers, top of stack, instructions near pc), id 0xc0000005]

Register to memory mapping:

EAX=0x000003f0 is an unknown value
EBX={method} {0x14e707cc} 'sort' '(I)V' in 'p2gui'
ECX=0x18e9e42c is pointing into the stack for thread: 0x1588d400
EDX=0x0000001b is an unknown value
ESP=0x18e9e42c is pointing into the stack for thread: 0x1588d400
EBP=0x18e9e454 is pointing into the stack for thread: 0x1588d400
ESI={method} {0x14e707cc} 'sort' '(I)V' in 'p2gui'
EDI=0x026d4854 is an unknown value


Stack: [0x18e50000,0x18ea0000],  sp=0x18e9e42c,  free space=313k
Native frames: (J=compiled Java code, j=interpreted, Vv=VM code, C=native code)
C  0x026d4854
j  java.awt.AWTEventMulticaster.mouseClicked(Ljava/awt/event/MouseEvent;)V+21
j  java.awt.Component.processMouseEvent(Ljava/awt/event/MouseEvent;)V+74
j  javax.swing.JComponent.processMouseEvent(Ljava/awt/event/MouseEvent;)V+23
j  java.awt.Component.processEvent(Ljava/awt/AWTEvent;)V+81
j  java.awt.Container.processEvent(Ljava/awt/AWTEvent;)V+18
j  java.awt.Component.dispatchEventImpl(Ljava/awt/AWTEvent;)V+589
j  java.awt.Container.dispatchEventImpl(Ljava/awt/AWTEvent;)V+42
j  java.awt.Component.dispatchEvent(Ljava/awt/AWTEvent;)V+2
j  java.awt.LightweightDispatcher.retargetMouseEvent(Ljava/awt/Component;ILjava/awt/event/MouseEvent;)V+327
j  java.awt.LightweightDispatcher.processMouseEvent(Ljava/awt/event/MouseEvent;)Z+171
j  java.awt.LightweightDispatcher.dispatchEvent(Ljava/awt/AWTEvent;)Z+50
j  java.awt.Container.dispatchEventImpl(Ljava/awt/AWTEvent;)V+12
j  java.awt.Window.dispatchEventImpl(Ljava/awt/AWTEvent;)V+19
j  java.awt.Component.dispatchEvent(Ljava/awt/AWTEvent;)V+2
j  java.awt.EventQueue.dispatchEventImpl(Ljava/awt/AWTEvent;Ljava/lang/Object;)V+41
j  java.awt.EventQueue.access$500(Ljava/awt/EventQueue;Ljava/awt/AWTEvent;Ljava/lang/Object;)V+3
j  java.awt.EventQueue$3.run()Ljava/lang/Void;+32
j  java.awt.EventQueue$3.run()Ljava/lang/Object;+1
v  ~StubRoutines::call_stub
V  [jvm.dll+0x159775]
V  [jvm.dll+0x21f4ae]
V  [jvm.dll+0x15980e]
V  [jvm.dll+0x109d3f]
C  [java.dll+0x102f]
j  java.security.ProtectionDomain$JavaSecurityAccessImpl.doIntersectionPrivilege(Ljava/security/PrivilegedAction;Ljava/security/AccessControlContext;Ljava/security/AccessControlContext;)Ljava/lang/Object;+18
j  java.security.ProtectionDomain$JavaSecurityAccessImpl.doIntersectionPrivilege(Ljava/security/PrivilegedAction;Ljava/security/AccessControlContext;)Ljava/lang/Object;+6
j  java.awt.EventQueue$4.run()Ljava/lang/Void;+11
j  java.awt.EventQueue$4.run()Ljava/lang/Object;+1
v  ~StubRoutines::call_stub
V  [jvm.dll+0x159775]
V  [jvm.dll+0x21f4ae]
V  [jvm.dll+0x15980e]
V  [jvm.dll+0x109d3f]
C  [java.dll+0x102f]
j  java.security.ProtectionDomain$JavaSecurityAccessImpl.doIntersectionPrivilege(Ljava/security/PrivilegedAction;Ljava/security/AccessControlContext;Ljava/security/AccessControlContext;)Ljava/lang/Object;+18
j  java.awt.EventQueue.dispatchEvent(Ljava/awt/AWTEvent;)V+73
j  java.awt.EventDispatchThread.pumpOneEventForFilters(I)V+245
j  java.awt.EventDispatchThread.pumpEventsForFilter(ILjava/awt/Conditional;Ljava/awt/EventFilter;)V+35
j  java.awt.EventDispatchThread.pumpEventsForHierarchy(ILjava/awt/Conditional;Ljava/awt/Component;)V+11
j  java.awt.EventDispatchThread.pumpEvents(ILjava/awt/Conditional;)V+4
j  java.awt.EventDispatchThread.pumpEvents(Ljava/awt/Conditional;)V+3
j  java.awt.EventDispatchThread.run()V+9
v  ~StubRoutines::call_stub
V  [jvm.dll+0x159775]
V  [jvm.dll+0x21f4ae]
V  [jvm.dll+0x15980e]
V  [jvm.dll+0x159996]
V  [jvm.dll+0x159a07]
V  [jvm.dll+0xfde4f]
V  [jvm.dll+0x17cadc]
V  [jvm.dll+0x17cbca]
V  [jvm.dll+0x1c1376]
C  [msvcr100.dll+0x5c556]
C  [msvcr100.dll+0x5c600]
C  [KERNEL32.DLL+0x17c04]
C  [ntdll.dll+0x5ab8f]
C  [ntdll.dll+0x5ab5a]
C  0x00000000


---------------  P R O C E S S  ---------------

Java Threads: ( => current thread )
  0x15907800 JavaThread "TimerQueue" daemon [_thread_blocked, id=9528, stack(0x1a6a0000,0x1a6f0000)]
  0x158e2400 JavaThread "D3D Screen Updater" daemon [_thread_blocked, id=9380, stack(0x192c0000,0x19310000)]
  0x00c5d000 JavaThread "DestroyJavaVM" [_thread_blocked, id=9748, stack(0x00680000,0x006d0000)]
=>0x1588d400 JavaThread "AWT-EventQueue-0" [_thread_in_Java, id=12572, stack(0x18e50000,0x18ea0000)]
  0x1583ec00 JavaThread "AWT-Windows" daemon [_thread_in_native, id=10244, stack(0x15bd0000,0x15c20000)]
  0x1583c400 JavaThread "AWT-Shutdown" [_thread_blocked, id=6552, stack(0x15b40000,0x15b90000)]
  0x1583b000 JavaThread "Java2D Disposer" daemon [_thread_blocked, id=11720, stack(0x15220000,0x15270000)]
  0x00bc8c00 JavaThread "Service Thread" daemon [_thread_blocked, id=6088, stack(0x14600000,0x14650000)]
  0x00bb2000 JavaThread "C1 CompilerThread0" daemon [_thread_blocked, id=8148, stack(0x04550000,0x045a0000)]
  0x00bb0800 JavaThread "Attach Listener" daemon [_thread_blocked, id=10228, stack(0x01070000,0x010c0000)]
  0x00bae800 JavaThread "Signal Dispatcher" daemon [_thread_blocked, id=6260, stack(0x00fe0000,0x01030000)]
  0x00ba4400 JavaThread "Finalizer" daemon [_thread_blocked, id=9248, stack(0x00e70000,0x00ec0000)]
  0x00b47800 JavaThread "Reference Handler" daemon [_thread_blocked, id=10100, stack(0x00de0000,0x00e30000)]

Other Threads:
  0x00b43c00 VMThread [stack: 0x00d90000,0x00de0000] [id=10000]
  0x00be6400 WatcherThread [stack: 0x150a0000,0x150f0000] [id=5312]

VM state:not at safepoint (normal execution)

VM Mutex/Monitor currently owned by a thread: None

Heap:
 def new generation   total 4928K, used 4264K [0x04600000, 0x04b50000, 0x09b50000)
  eden space 4416K,  96% used [0x04600000, 0x04a2a148, 0x04a50000)
  from space 512K,   0% used [0x04a50000, 0x04a50000, 0x04ad0000)
  to   space 512K,   0% used [0x04ad0000, 0x04ad0000, 0x04b50000)
 tenured generation   total 10944K, used 0K [0x09b50000, 0x0a600000, 0x14600000)
   the space 10944K,   0% used [0x09b50000, 0x09b50000, 0x09b50200, 0x0a600000)
 Metaspace       used 522K, capacity 2535K, committed 2624K, reserved 4480K

Card table byte_map: [0x00ca0000,0x00d30000] byte_map_base: 0x00c7d000

Polling page: 0x00470000

CodeCache: size=32768Kb used=904Kb max_used=904Kb free=31863Kb
 bounds [0x02550000, 0x02638000, 0x04550000]
 total_blobs=453 nmethods=233 adapters=151
 compilation: enabled

Compilation events (10 events):
Event: 3.115 Thread 0x00bb2000  229             java.awt.Component::isEnabledImpl (5 bytes)
Event: 3.115 Thread 0x00bb2000 nmethod 229 0x02631a08 code [0x02631b00, 0x02631b80]
Event: 3.117 Thread 0x00bb2000  230             sun.java2d.pipe.Region::isRectangular (13 bytes)
Event: 3.117 Thread 0x00bb2000 nmethod 230 0x02631bc8 code [0x02631cc0, 0x02631d50]
Event: 3.117 Thread 0x00bb2000  231             sun.java2d.pipe.Region::getLoX (5 bytes)
Event: 3.117 Thread 0x00bb2000 nmethod 231 0x02631d88 code [0x02631e80, 0x02631f00]
Event: 3.118 Thread 0x00bb2000  232             java.beans.PropertyChangeSupport::fire (39 bytes)
Event: 3.118 Thread 0x00bb2000 nmethod 232 0x02631f48 code [0x02632050, 0x0263212c]
Event: 3.118 Thread 0x00bb2000  233             sun.java2d.pipe.RenderBuffer::remaining (11 bytes)
Event: 3.118 Thread 0x00bb2000 nmethod 233 0x02632208 code [0x02632300, 0x02632390]

GC Heap History (0 events):
No events

Deoptimization events (0 events):
No events

Internal exceptions (10 events):
Event: 0.048 Thread 0x00c5d000 Exception <a 'java/lang/NoSuchMethodError': Method sun.misc.Unsafe.defineClass(Ljava/lang/String;[BII)Ljava/lang/Class; name or signature does not match> (0x046079d8) thrown at [C:\workspace\8-2-build-windows-i586-cygwin\jdk8u92\6642\hotspot\src\share\vm\p¤9-÷u¨?
Event: 0.048 Thread 0x00c5d000 Exception <a 'java/lang/NoSuchMethodError': Method sun.misc.Unsafe.prefetchRead(Ljava/lang/Object;J)V name or signature does not match> (0x04607ca8) thrown at [C:\workspace\8-2-build-windows-i586-cygwin\jdk8u92\6642\hotspot\src\share\vm\prims\jni.cpp, lineøK¼ÓuïÁ?
Event: 0.140 Thread 0x00c5d000 Exception <a 'java/security/PrivilegedActionException'> (0x04681398) thrown at [C:\workspace\8-2-build-windows-i586-cygwin\jdk8u92\6642\hotspot\src\share\vm\prims\jvm.cpp, line 1386]
Event: 0.140 Thread 0x00c5d000 Exception <a 'java/security/PrivilegedActionException'> (0x04681598) thrown at [C:\workspace\8-2-build-windows-i586-cygwin\jdk8u92\6642\hotspot\src\share\vm\prims\jvm.cpp, line 1386]
Event: 0.142 Thread 0x00c5d000 Exception <a 'java/security/PrivilegedActionException'> (0x04685380) thrown at [C:\workspace\8-2-build-windows-i586-cygwin\jdk8u92\6642\hotspot\src\share\vm\prims\jvm.cpp, line 1386]
Event: 0.142 Thread 0x00c5d000 Exception <a 'java/security/PrivilegedActionException'> (0x04685580) thrown at [C:\workspace\8-2-build-windows-i586-cygwin\jdk8u92\6642\hotspot\src\share\vm\prims\jvm.cpp, line 1386]
Event: 0.148 Thread 0x00c5d000 Exception <a 'java/io/FileNotFoundException'> (0x0469d8b8) thrown at [C:\workspace\8-2-build-windows-i586-cygwin\jdk8u92\6642\hotspot\src\share\vm\prims\jni.cpp, line 709]
Event: 0.226 Thread 0x00c5d000 Exception <a 'java/lang/NoSuchFieldError': method resolution failed> (0x04758b18) thrown at [C:\workspace\8-2-build-windows-i586-cygwin\jdk8u92\6642\hotspot\src\share\vm\prims\methodHandles.cpp, line 1146]
Event: 0.230 Thread 0x00c5d000 Exception <a 'java/lang/NoSuchFieldError': method resolution failed> (0x04764cd8) thrown at [C:\workspace\8-2-build-windows-i586-cygwin\jdk8u92\6642\hotspot\src\share\vm\prims\methodHandles.cpp, line 1146]
Event: 0.285 Thread 0x00c5d000 Exception <a 'java/io/FileNotFoundException'> (0x047ebd88) thrown at [C:\workspace\8-2-build-windows-i586-cygwin\jdk8u92\6642\hotspot\src\share\vm\prims\jni.cpp, line 709]

Events (10 events):
Event: 2.429 loading class java/awt/Container$EventTargetFilter
Event: 2.429 loading class java/awt/Container$EventTargetFilter done
Event: 2.429 loading class java/awt/Container$MouseEventTargetFilter done
Event: 2.429 loading class java/awt/LightweightDispatcher$1
Event: 2.429 loading class java/awt/LightweightDispatcher$1 done
Event: 2.429 loading class java/awt/AWTEvent$2
Event: 2.430 loading class java/awt/AWTEvent$2 done
Event: 2.430 loading class sun/reflect/UnsafeBooleanFieldAccessorImpl
Event: 2.431 loading class sun/reflect/UnsafeBooleanFieldAccessorImpl done
Event: 2.433 Thread 0x15907800 Thread added: 0x15907800


Dynamic libraries:
0x01110000 - 0x01143000 	C:\ProgramData\Oracle\Java\javapath\java.exe
0x77240000 - 0x773af000 	C:\Windows\SYSTEM32\ntdll.dll
0x76750000 - 0x76890000 	C:\Windows\SYSTEM32\KERNEL32.DLL
0x75f50000 - 0x76027000 	C:\Windows\SYSTEM32\KERNELBASE.dll
0x6f490000 - 0x6f530000 	C:\Windows\system32\apphelp.dll
0x62d90000 - 0x62ff6000 	C:\Windows\AppPatch\AcGenral.DLL
0x76ad0000 - 0x76b93000 	C:\Windows\SYSTEM32\msvcrt.dll
0x74a30000 - 0x74a71000 	C:\Windows\SYSTEM32\sechost.dll
0x76890000 - 0x768ae000 	C:\Windows\SYSTEM32\SspiCli.dll
0x76160000 - 0x761a5000 	C:\Windows\SYSTEM32\SHLWAPI.dll
0x6f740000 - 0x6f82d000 	C:\Windows\SYSTEM32\UxTheme.dll
0x76260000 - 0x763b3000 	C:\Windows\SYSTEM32\USER32.dll
0x76590000 - 0x7669f000 	C:\Windows\SYSTEM32\GDI32.dll
0x74990000 - 0x749b3000 	C:\Windows\SYSTEM32\WINMM.dll
0x6eca0000 - 0x6ecb3000 	C:\Windows\SYSTEM32\samcli.dll
0x76030000 - 0x76159000 	C:\Windows\SYSTEM32\ole32.dll
0x766a0000 - 0x76735000 	C:\Windows\SYSTEM32\OLEAUT32.dll
0x74580000 - 0x74597000 	C:\Windows\SYSTEM32\MSACM32.dll
0x74240000 - 0x74248000 	C:\Windows\SYSTEM32\VERSION.dll
0x74b10000 - 0x75dcc000 	C:\Windows\SYSTEM32\SHELL32.dll
0x70220000 - 0x7023b000 	C:\Windows\SYSTEM32\USERENV.dll
0x72d90000 - 0x72daa000 	C:\Windows\SYSTEM32\dwmapi.dll
0x706c0000 - 0x7080b000 	C:\Windows\SYSTEM32\urlmon.dll
0x76480000 - 0x764fc000 	C:\Windows\SYSTEM32\ADVAPI32.dll
0x6eb90000 - 0x6ebf5000 	C:\Windows\SYSTEM32\WINSPOOL.DRV
0x6eb70000 - 0x6eb86000 	C:\Windows\SYSTEM32\MPR.dll
0x770b0000 - 0x7716a000 	C:\Windows\SYSTEM32\RPCRT4.dll
0x74a20000 - 0x74a2a000 	C:\Windows\SYSTEM32\CRYPTBASE.dll
0x75dd0000 - 0x75f4d000 	C:\Windows\SYSTEM32\combase.dll
0x74960000 - 0x74983000 	C:\Windows\SYSTEM32\WINMMBASE.dll
0x70210000 - 0x7021f000 	C:\Windows\SYSTEM32\profapi.dll
0x70470000 - 0x706a4000 	C:\Windows\SYSTEM32\iertutil.dll
0x70240000 - 0x7044d000 	C:\Windows\SYSTEM32\WININET.dll
0x749c0000 - 0x74a14000 	C:\Windows\SYSTEM32\bcryptPrimitives.dll
0x761b0000 - 0x761ec000 	C:\Windows\SYSTEM32\cfgmgr32.dll
0x74930000 - 0x74951000 	C:\Windows\SYSTEM32\DEVOBJ.dll
0x74850000 - 0x748db000 	C:\Windows\SYSTEM32\SHCORE.DLL
0x76d30000 - 0x76d57000 	C:\Windows\system32\IMM32.DLL
0x76920000 - 0x76a32000 	C:\Windows\SYSTEM32\MSCTF.dll
0x6fbc0000 - 0x6fdc6000 	C:\Windows\WinSxS\x86_microsoft.windows.common-controls_6595b64144ccf1df_6.0.9600.18006_none_a9ec6aab013aafee\COMCTL32.dll
0x65730000 - 0x657ef000 	C:\Program Files (x86)\Java\jre1.8.0_92\bin\msvcr100.dll
0x629c0000 - 0x62d8b000 	C:\Program Files (x86)\Java\jre1.8.0_92\bin\client\jvm.dll
0x6fe90000 - 0x6fe98000 	C:\Windows\SYSTEM32\WSOCK32.dll
0x76740000 - 0x76746000 	C:\Windows\SYSTEM32\PSAPI.DLL
0x76a80000 - 0x76ad0000 	C:\Windows\SYSTEM32\WS2_32.dll
0x76d60000 - 0x76d67000 	C:\Windows\SYSTEM32\NSI.dll
0x6f860000 - 0x6f86c000 	C:\Program Files (x86)\Java\jre1.8.0_92\bin\verify.dll
0x6ee30000 - 0x6ee51000 	C:\Program Files (x86)\Java\jre1.8.0_92\bin\java.dll
0x6d770000 - 0x6d783000 	C:\Program Files (x86)\Java\jre1.8.0_92\bin\zip.dll
0x65480000 - 0x655c5000 	C:\Program Files (x86)\Java\jre1.8.0_92\bin\awt.dll
0x6f410000 - 0x6f48d000 	C:\Program Files (x86)\Common Files\microsoft shared\ink\tiptsf.dll
0x74780000 - 0x74789000 	C:\Windows\SYSTEM32\kernel.appcore.dll
0x6dbc0000 - 0x6dd93000 	C:\Windows\system32\d3d9.dll
0x6d7c0000 - 0x6d8bc000 	C:\Windows\SYSTEM32\aticfx32.dll
0x6d2e0000 - 0x6d2fb000 	C:\Windows\SYSTEM32\atiu9pag.dll
0x623d0000 - 0x629b3000 	C:\Windows\SYSTEM32\atiumdag.dll
0x61de0000 - 0x623c8000 	C:\Windows\SYSTEM32\atiumdva.dll
0x66980000 - 0x669a6000 	C:\Users\Steven\p2\p2gui3\p2_IO.dll
0x656f0000 - 0x65729000 	C:\Program Files (x86)\Java\jre1.8.0_92\bin\fontmanager.dll
0x656d0000 - 0x656e6000 	C:\Program Files (x86)\Java\jre1.8.0_92\bin\net.dll
0x748e0000 - 0x7492b000 	C:\Windows\system32\mswsock.dll
0x6f850000 - 0x6f85f000 	C:\Program Files (x86)\Java\jre1.8.0_92\bin\nio.dll
0x65690000 - 0x656c2000 	C:\Program Files (x86)\Java\jre1.8.0_92\bin\t2k.dll
0x6f3c0000 - 0x6f410000 	C:\Windows\SYSTEM32\oleacc.dll
0x74a80000 - 0x74b0d000 	C:\Windows\SYSTEM32\clbcatq.dll
0x61c90000 - 0x61dd1000 	C:\Windows\SYSTEM32\dbghelp.dll

VM Arguments:
java_command: p2gui
java_class_path (initial): .
Launcher Type: SUN_STANDARD

Environment Variables:
PATH=C:\Program Files (x86)\Microsoft Visual Studio 14.0\Common7\IDE\CommonExtensions\Microsoft\TestWindow;C:\Program Files (x86)\MSBuild\14.0\bin;C:\Program Files (x86)\Microsoft Visual Studio 14.0\Common7\IDE\;C:\Program Files (x86)\Microsoft Visual Studio 14.0\VC\BIN;C:\Program Files (x86)\Microsoft Visual Studio 14.0\Common7\Tools;C:\Windows\Microsoft.NET\Framework\v4.0.30319;C:\Program Files (x86)\Microsoft Visual Studio 14.0\VC\VCPackages;C:\Program Files (x86)\Microsoft Visual Studio 14.0\Team Tools\Performance Tools;C:\Program Files (x86)\Windows Kits\10\bin\x86;C:\Program Files (x86)\Microsoft SDKs\Windows\v10.0A\bin\NETFX 4.6.1 Tools\;C:\ProgramData\Oracle\Java\javapath;C:\Windows\system32;C:\Windows;C:\Windows\System32\Wbem;C:\Windows\System32\WindowsPowerShell\v1.0\;C:\Program Files\Hewlett-Packard\SimplePass\;C:\Program Files (x86)\Windows Live\Shared;C:\Program Files (x86)\ATI Technologies\ATI.ACE\Core-Static;C:\Users\Steven\.dnx\bin;C:\Program Files\Microsoft DNX\Dnvm\;C:\Program Files\Microsoft SQL Server\120\Tools\Binn\;C:\Program Files (x86)\Windows Kits\10\Windows Performance Toolkit\;C:\Program Files (x86)\Java\jdk1.8.0_92\bin;C:\Program Files (x86)\Microsoft SDKs\Windows\v7.1A\Bin;C:\Program Files (x86)\Microsoft SDKs\Windows\v7.1A\Include;C:\Program Files (x86)\Microsoft SDKs\Windows\v7.1A\Lib;C:\Program Files (x86)\Microsoft Visual Studio 14.0\VC\bin;C:\Program Files (x86)\Microsoft Visual Studio 14.0\VC\include;C:\Program Files (x86)\Microsoft Visual Studio 14.0\VC\lib;C:\Program Files (x86)\Microsoft Visual Studio 14.0\Common7\IDE
USERNAME=gingsum
OS=Windows_NT
PROCESSOR_IDENTIFIER=AMD64 Family 21 Model 19 Stepping 1, AuthenticAMD



---------------  S Y S T E M  ---------------

OS: Windows 8.1 , 64 bit Build 9600 (6.3.9600.17415)

CPU:total 4 (4 cores per cpu, 1 threads per core) family 21 model 19 stepping 1, cmov, cx8, fxsr, mmx, sse, sse2, sse3, ssse3, sse4.1, sse4.2, popcnt, avx, aes, clmul, mmxext, 3dnowpref, lzcnt, sse4a, tsc, tscinvbit, tscinv, bmi1

Memory: 4k page, physical 7543048k(4072736k free), swap 8722696k(4005040k free)

vm_info: Java HotSpot(TM) Client VM (25.92-b14) for windows-x86 JRE (1.8.0_92-b14), built on Mar 31 2016 21:09:21 by "java_re" with MS VC++ 10.0 (VS2010)

time: Wed May 18 14:37:24 2016
elapsed time: 3 seconds (0d 0h 0m 3s)

