#
# A fatal error has been detected by the Java Runtime Environment:
#
#  EXCEPTION_ACCESS_VIOLATION (0xc0000005) at pc=0x315c7374, pid=12620, tid=0x00002218
#
# JRE version: Java(TM) SE Runtime Environment (8.0_92-b14) (build 1.8.0_92-b14)
# Java VM: Java HotSpot(TM) Client VM (25.92-b14 mixed mode, sharing windows-x86 )
# Problematic frame:
# C  0x315c7374
#
# Failed to write core dump. Minidumps are not enabled by default on client versions of Windows
#
# If you would like to submit a bug report, please visit:
#   http://bugreport.java.com/bugreport/crash.jsp
#

---------------  T H R E A D  ---------------

Current thread (0x14f1d800):  JavaThread "AWT-EventQueue-0" [_thread_in_Java, id=8728, stack(0x18c20000,0x18c70000)]

siginfo: ExceptionCode=0xc0000005, ExceptionInformation=0x00000008 0x315c7374

Registers:
EAX=0x000003f0, EBX=0x00730818, ECX=0x315c7374, EDX=0x18c6e48c
ESP=0x18c6e4c8, EBP=0x18c6e4fc, ESI=0x00000028, EDI=0x14f1d800
EIP=0x315c7374, EFLAGS=0x00010246

Top of Stack: (sp=0x18c6e4c8)
0x18c6e4c8:   0255d665 0255d1d0 00d12190 00d10818
0x18c6e4d8:   0255d1a6 18c6e4dc 00d107e8 18c6e510
0x18c6e4e8:   00d119e0 00000000 00730818 20730000
0x18c6e4f8:   36387828 69775c29 776f646e 696b2073
0x18c6e508:   315c7374 00735c30 047d9528 18c6e514
0x18c6e518:   00d11ed7 18c6e544 00d120b8 00000000
0x18c6e528:   00d11ef8 18c6e50c 18c6e540 18c6e568
0x18c6e538:   02554889 00000000 04a10448 0494ddf0 

Instructions: (pc=0x315c7374)
0x315c7354:   
[error occurred during error reporting (printing registers, top of stack, instructions near pc), id 0xc0000005]

Register to memory mapping:

EAX=0x000003f0 is an unknown value
EBX=0x00730818 is an unknown value
ECX=0x315c7374 is an unknown value
EDX=0x18c6e48c is pointing into the stack for thread: 0x14f1d800
ESP=0x18c6e4c8 is pointing into the stack for thread: 0x14f1d800
EBP=0x18c6e4fc is pointing into the stack for thread: 0x14f1d800
ESI=0x00000028 is an unknown value
EDI=0x14f1d800 is a thread


Stack: [0x18c20000,0x18c70000],  sp=0x18c6e4c8,  free space=313k
Native frames: (J=compiled Java code, j=interpreted, Vv=VM code, C=native code)
C  0x315c7374
C  0x776f646e


---------------  P R O C E S S  ---------------

Java Threads: ( => current thread )
  0x14f94400 JavaThread "TimerQueue" daemon [_thread_blocked, id=2112, stack(0x1a470000,0x1a4c0000)]
  0x14f6f800 JavaThread "D3D Screen Updater" daemon [_thread_blocked, id=12644, stack(0x19090000,0x190e0000)]
  0x0029d000 JavaThread "DestroyJavaVM" [_thread_blocked, id=12512, stack(0x007a0000,0x007f0000)]
=>0x14f1d800 JavaThread "AWT-EventQueue-0" [_thread_in_Java, id=8728, stack(0x18c20000,0x18c70000)]
  0x14ec7c00 JavaThread "AWT-Windows" daemon [_thread_in_native, id=476, stack(0x15960000,0x159b0000)]
  0x14ec5000 JavaThread "AWT-Shutdown" [_thread_blocked, id=11824, stack(0x158d0000,0x15920000)]
  0x14ec3c00 JavaThread "Java2D Disposer" daemon [_thread_blocked, id=12552, stack(0x15840000,0x15890000)]
  0x00a03c00 JavaThread "Service Thread" daemon [_thread_blocked, id=12096, stack(0x14db0000,0x14e00000)]
  0x009e2400 JavaThread "C1 CompilerThread0" daemon [_thread_blocked, id=8012, stack(0x14d20000,0x14d70000)]
  0x009e0800 JavaThread "Attach Listener" daemon [_thread_blocked, id=2512, stack(0x14600000,0x14650000)]
  0x009de800 JavaThread "Signal Dispatcher" daemon [_thread_blocked, id=4936, stack(0x04550000,0x045a0000)]
  0x009d4400 JavaThread "Finalizer" daemon [_thread_blocked, id=12652, stack(0x01060000,0x010b0000)]
  0x00977800 JavaThread "Reference Handler" daemon [_thread_blocked, id=12020, stack(0x00fd0000,0x01020000)]

Other Threads:
  0x00973c00 VMThread [stack: 0x00f40000,0x00f90000] [id=12528]
  0x00a19800 WatcherThread [stack: 0x14e40000,0x14e90000] [id=12704]

VM state:not at safepoint (normal execution)

VM Mutex/Monitor currently owned by a thread: None

Heap:
 def new generation   total 4928K, used 4268K [0x04600000, 0x04b50000, 0x09b50000)
  eden space 4416K,  96% used [0x04600000, 0x04a2b2a0, 0x04a50000)
  from space 512K,   0% used [0x04a50000, 0x04a50000, 0x04ad0000)
  to   space 512K,   0% used [0x04ad0000, 0x04ad0000, 0x04b50000)
 tenured generation   total 10944K, used 0K [0x09b50000, 0x0a600000, 0x14600000)
   the space 10944K,   0% used [0x09b50000, 0x09b50000, 0x09b50200, 0x0a600000)
 Metaspace       used 522K, capacity 2535K, committed 2624K, reserved 4480K

Card table byte_map: [0x00a50000,0x00ae0000] byte_map_base: 0x00a2d000

Polling page: 0x002d0000

CodeCache: size=32768Kb used=902Kb max_used=902Kb free=31865Kb
 bounds [0x02550000, 0x02638000, 0x04550000]
 total_blobs=452 nmethods=232 adapters=151
 compilation: enabled

Compilation events (10 events):
Event: 3.081 Thread 0x009e2400  228             java.util.EventObject::getSource (5 bytes)
Event: 3.081 Thread 0x009e2400 nmethod 228 0x02630d88 code [0x02630e80, 0x02630f00]
Event: 3.082 Thread 0x009e2400  229             java.awt.AWTEvent::getID (5 bytes)
Event: 3.082 Thread 0x009e2400 nmethod 229 0x02630f48 code [0x02631040, 0x026310c0]
Event: 3.105 Thread 0x009e2400  230             java.lang.ref.Reference::<init> (7 bytes)
Event: 3.105 Thread 0x009e2400 nmethod 230 0x02631108 code [0x02631200, 0x026312a0]
Event: 3.116 Thread 0x009e2400  231             java.util.ArrayList$Itr::checkForComodification (23 bytes)
Event: 3.116 Thread 0x009e2400 nmethod 231 0x02631308 code [0x02631410, 0x026314ec]
Event: 3.116 Thread 0x009e2400  232             java.util.ArrayList$Itr::next (66 bytes)
Event: 3.117 Thread 0x009e2400 nmethod 232 0x026315c8 code [0x02631700, 0x026318d4]

GC Heap History (0 events):
No events

Deoptimization events (0 events):
No events

Internal exceptions (10 events):
Event: 0.047 Thread 0x0029d000 Exception <a 'java/lang/NoSuchMethodError': Method sun.misc.Unsafe.defineClass(Ljava/lang/String;[BII)Ljava/lang/Class; name or signature does not match> (0x046079d8) thrown at [C:\workspace\8-2-build-windows-i586-cygwin\jdk8u92\6642\hotspot\src\share\vm\p¾vÔ2¨?
Event: 0.047 Thread 0x0029d000 Exception <a 'java/lang/NoSuchMethodError': Method sun.misc.Unsafe.prefetchRead(Ljava/lang/Object;J)V name or signature does not match> (0x04607ca8) thrown at [C:\workspace\8-2-build-windows-i586-cygwin\jdk8u92\6642\hotspot\src\share\vm\prims\jni.cpp, line–bùkÂ°Â?
Event: 0.146 Thread 0x0029d000 Exception <a 'java/security/PrivilegedActionException'> (0x04681488) thrown at [C:\workspace\8-2-build-windows-i586-cygwin\jdk8u92\6642\hotspot\src\share\vm\prims\jvm.cpp, line 1386]
Event: 0.146 Thread 0x0029d000 Exception <a 'java/security/PrivilegedActionException'> (0x04681688) thrown at [C:\workspace\8-2-build-windows-i586-cygwin\jdk8u92\6642\hotspot\src\share\vm\prims\jvm.cpp, line 1386]
Event: 0.148 Thread 0x0029d000 Exception <a 'java/security/PrivilegedActionException'> (0x04685470) thrown at [C:\workspace\8-2-build-windows-i586-cygwin\jdk8u92\6642\hotspot\src\share\vm\prims\jvm.cpp, line 1386]
Event: 0.148 Thread 0x0029d000 Exception <a 'java/security/PrivilegedActionException'> (0x04685670) thrown at [C:\workspace\8-2-build-windows-i586-cygwin\jdk8u92\6642\hotspot\src\share\vm\prims\jvm.cpp, line 1386]
Event: 0.153 Thread 0x0029d000 Exception <a 'java/io/FileNotFoundException'> (0x0469d998) thrown at [C:\workspace\8-2-build-windows-i586-cygwin\jdk8u92\6642\hotspot\src\share\vm\prims\jni.cpp, line 709]
Event: 0.225 Thread 0x0029d000 Exception <a 'java/lang/NoSuchFieldError': method resolution failed> (0x04758ef0) thrown at [C:\workspace\8-2-build-windows-i586-cygwin\jdk8u92\6642\hotspot\src\share\vm\prims\methodHandles.cpp, line 1146]
Event: 0.230 Thread 0x0029d000 Exception <a 'java/lang/NoSuchFieldError': method resolution failed> (0x047650b0) thrown at [C:\workspace\8-2-build-windows-i586-cygwin\jdk8u92\6642\hotspot\src\share\vm\prims\methodHandles.cpp, line 1146]
Event: 0.284 Thread 0x0029d000 Exception <a 'java/io/FileNotFoundException'> (0x047ec268) thrown at [C:\workspace\8-2-build-windows-i586-cygwin\jdk8u92\6642\hotspot\src\share\vm\prims\jni.cpp, line 709]

Events (10 events):
Event: 2.845 loading class java/awt/Container$EventTargetFilter
Event: 2.845 loading class java/awt/Container$EventTargetFilter done
Event: 2.845 loading class java/awt/Container$MouseEventTargetFilter done
Event: 2.845 loading class java/awt/LightweightDispatcher$1
Event: 2.845 loading class java/awt/LightweightDispatcher$1 done
Event: 2.846 loading class java/awt/AWTEvent$2
Event: 2.846 loading class java/awt/AWTEvent$2 done
Event: 2.847 loading class sun/reflect/UnsafeBooleanFieldAccessorImpl
Event: 2.847 loading class sun/reflect/UnsafeBooleanFieldAccessorImpl done
Event: 2.850 Thread 0x14f94400 Thread added: 0x14f94400


Dynamic libraries:
0x01110000 - 0x01143000 	C:\ProgramData\Oracle\Java\javapath\java.exe
0x77240000 - 0x773af000 	C:\Windows\SYSTEM32\ntdll.dll
0x76750000 - 0x76890000 	C:\Windows\SYSTEM32\KERNEL32.DLL
0x75f50000 - 0x76027000 	C:\Windows\SYSTEM32\KERNELBASE.dll
0x6f490000 - 0x6f530000 	C:\Windows\system32\apphelp.dll
0x62d90000 - 0x62ff6000 	C:\Windows\AppPatch\AcGenral.DLL
0x76ad0000 - 0x76b93000 	C:\Windows\SYSTEM32\msvcrt.dll
0x74a30000 - 0x74a71000 	C:\Windows\SYSTEM32\sechost.dll
0x76890000 - 0x768ae000 	C:\Windows\SYSTEM32\SspiCli.dll
0x76160000 - 0x761a5000 	C:\Windows\SYSTEM32\SHLWAPI.dll
0x6f740000 - 0x6f82d000 	C:\Windows\SYSTEM32\UxTheme.dll
0x76260000 - 0x763b3000 	C:\Windows\SYSTEM32\USER32.dll
0x76590000 - 0x7669f000 	C:\Windows\SYSTEM32\GDI32.dll
0x74990000 - 0x749b3000 	C:\Windows\SYSTEM32\WINMM.dll
0x6eca0000 - 0x6ecb3000 	C:\Windows\SYSTEM32\samcli.dll
0x76030000 - 0x76159000 	C:\Windows\SYSTEM32\ole32.dll
0x766a0000 - 0x76735000 	C:\Windows\SYSTEM32\OLEAUT32.dll
0x74580000 - 0x74597000 	C:\Windows\SYSTEM32\MSACM32.dll
0x74240000 - 0x74248000 	C:\Windows\SYSTEM32\VERSION.dll
0x74b10000 - 0x75dcc000 	C:\Windows\SYSTEM32\SHELL32.dll
0x70220000 - 0x7023b000 	C:\Windows\SYSTEM32\USERENV.dll
0x72d90000 - 0x72daa000 	C:\Windows\SYSTEM32\dwmapi.dll
0x706c0000 - 0x7080b000 	C:\Windows\SYSTEM32\urlmon.dll
0x76480000 - 0x764fc000 	C:\Windows\SYSTEM32\ADVAPI32.dll
0x6eb90000 - 0x6ebf5000 	C:\Windows\SYSTEM32\WINSPOOL.DRV
0x6eb70000 - 0x6eb86000 	C:\Windows\SYSTEM32\MPR.dll
0x770b0000 - 0x7716a000 	C:\Windows\SYSTEM32\RPCRT4.dll
0x74a20000 - 0x74a2a000 	C:\Windows\SYSTEM32\CRYPTBASE.dll
0x75dd0000 - 0x75f4d000 	C:\Windows\SYSTEM32\combase.dll
0x74960000 - 0x74983000 	C:\Windows\SYSTEM32\WINMMBASE.dll
0x70210000 - 0x7021f000 	C:\Windows\SYSTEM32\profapi.dll
0x70470000 - 0x706a4000 	C:\Windows\SYSTEM32\iertutil.dll
0x70240000 - 0x7044d000 	C:\Windows\SYSTEM32\WININET.dll
0x749c0000 - 0x74a14000 	C:\Windows\SYSTEM32\bcryptPrimitives.dll
0x761b0000 - 0x761ec000 	C:\Windows\SYSTEM32\cfgmgr32.dll
0x74930000 - 0x74951000 	C:\Windows\SYSTEM32\DEVOBJ.dll
0x74850000 - 0x748db000 	C:\Windows\SYSTEM32\SHCORE.DLL
0x76d30000 - 0x76d57000 	C:\Windows\system32\IMM32.DLL
0x76920000 - 0x76a32000 	C:\Windows\SYSTEM32\MSCTF.dll
0x6fbc0000 - 0x6fdc6000 	C:\Windows\WinSxS\x86_microsoft.windows.common-controls_6595b64144ccf1df_6.0.9600.18006_none_a9ec6aab013aafee\COMCTL32.dll
0x65730000 - 0x657ef000 	C:\Program Files (x86)\Java\jre1.8.0_92\bin\msvcr100.dll
0x629c0000 - 0x62d8b000 	C:\Program Files (x86)\Java\jre1.8.0_92\bin\client\jvm.dll
0x6fe90000 - 0x6fe98000 	C:\Windows\SYSTEM32\WSOCK32.dll
0x76740000 - 0x76746000 	C:\Windows\SYSTEM32\PSAPI.DLL
0x76a80000 - 0x76ad0000 	C:\Windows\SYSTEM32\WS2_32.dll
0x76d60000 - 0x76d67000 	C:\Windows\SYSTEM32\NSI.dll
0x6f860000 - 0x6f86c000 	C:\Program Files (x86)\Java\jre1.8.0_92\bin\verify.dll
0x6ee30000 - 0x6ee51000 	C:\Program Files (x86)\Java\jre1.8.0_92\bin\java.dll
0x6d770000 - 0x6d783000 	C:\Program Files (x86)\Java\jre1.8.0_92\bin\zip.dll
0x65480000 - 0x655c5000 	C:\Program Files (x86)\Java\jre1.8.0_92\bin\awt.dll
0x6f410000 - 0x6f48d000 	C:\Program Files (x86)\Common Files\microsoft shared\ink\tiptsf.dll
0x74780000 - 0x74789000 	C:\Windows\SYSTEM32\kernel.appcore.dll
0x6dbc0000 - 0x6dd93000 	C:\Windows\system32\d3d9.dll
0x6d7c0000 - 0x6d8bc000 	C:\Windows\SYSTEM32\aticfx32.dll
0x6d2e0000 - 0x6d2fb000 	C:\Windows\SYSTEM32\atiu9pag.dll
0x623d0000 - 0x629b3000 	C:\Windows\SYSTEM32\atiumdag.dll
0x61de0000 - 0x623c8000 	C:\Windows\SYSTEM32\atiumdva.dll
0x66980000 - 0x669a6000 	C:\Users\Steven\p2\p2gui3\p2_IO.dll
0x656f0000 - 0x65729000 	C:\Program Files (x86)\Java\jre1.8.0_92\bin\fontmanager.dll
0x656d0000 - 0x656e6000 	C:\Program Files (x86)\Java\jre1.8.0_92\bin\net.dll
0x748e0000 - 0x7492b000 	C:\Windows\system32\mswsock.dll
0x6f850000 - 0x6f85f000 	C:\Program Files (x86)\Java\jre1.8.0_92\bin\nio.dll
0x65690000 - 0x656c2000 	C:\Program Files (x86)\Java\jre1.8.0_92\bin\t2k.dll
0x6f3c0000 - 0x6f410000 	C:\Windows\SYSTEM32\oleacc.dll
0x74a80000 - 0x74b0d000 	C:\Windows\SYSTEM32\clbcatq.dll
0x61c90000 - 0x61dd1000 	C:\Windows\SYSTEM32\dbghelp.dll

VM Arguments:
java_command: p2gui
java_class_path (initial): .
Launcher Type: SUN_STANDARD

Environment Variables:
PATH=C:\Program Files (x86)\Microsoft Visual Studio 14.0\Common7\IDE\CommonExtensions\Microsoft\TestWindow;C:\Program Files (x86)\MSBuild\14.0\bin;C:\Program Files (x86)\Microsoft Visual Studio 14.0\Common7\IDE\;C:\Program Files (x86)\Microsoft Visual Studio 14.0\VC\BIN;C:\Program Files (x86)\Microsoft Visual Studio 14.0\Common7\Tools;C:\Windows\Microsoft.NET\Framework\v4.0.30319;C:\Program Files (x86)\Microsoft Visual Studio 14.0\VC\VCPackages;C:\Program Files (x86)\Microsoft Visual Studio 14.0\Team Tools\Performance Tools;C:\Program Files (x86)\Windows Kits\10\bin\x86;C:\Program Files (x86)\Microsoft SDKs\Windows\v10.0A\bin\NETFX 4.6.1 Tools\;C:\ProgramData\Oracle\Java\javapath;C:\Windows\system32;C:\Windows;C:\Windows\System32\Wbem;C:\Windows\System32\WindowsPowerShell\v1.0\;C:\Program Files\Hewlett-Packard\SimplePass\;C:\Program Files (x86)\Windows Live\Shared;C:\Program Files (x86)\ATI Technologies\ATI.ACE\Core-Static;C:\Users\Steven\.dnx\bin;C:\Program Files\Microsoft DNX\Dnvm\;C:\Program Files\Microsoft SQL Server\120\Tools\Binn\;C:\Program Files (x86)\Windows Kits\10\Windows Performance Toolkit\;C:\Program Files (x86)\Java\jdk1.8.0_92\bin;C:\Program Files (x86)\Microsoft SDKs\Windows\v7.1A\Bin;C:\Program Files (x86)\Microsoft SDKs\Windows\v7.1A\Include;C:\Program Files (x86)\Microsoft SDKs\Windows\v7.1A\Lib;C:\Program Files (x86)\Microsoft Visual Studio 14.0\VC\bin;C:\Program Files (x86)\Microsoft Visual Studio 14.0\VC\include;C:\Program Files (x86)\Microsoft Visual Studio 14.0\VC\lib;C:\Program Files (x86)\Microsoft Visual Studio 14.0\Common7\IDE
USERNAME=gingsum
OS=Windows_NT
PROCESSOR_IDENTIFIER=AMD64 Family 21 Model 19 Stepping 1, AuthenticAMD



---------------  S Y S T E M  ---------------

OS: Windows 8.1 , 64 bit Build 9600 (6.3.9600.17415)

CPU:total 4 (4 cores per cpu, 1 threads per core) family 21 model 19 stepping 1, cmov, cx8, fxsr, mmx, sse, sse2, sse3, ssse3, sse4.1, sse4.2, popcnt, avx, aes, clmul, mmxext, 3dnowpref, lzcnt, sse4a, tsc, tscinvbit, tscinv, bmi1

Memory: 4k page, physical 7543048k(4070328k free), swap 8722696k(4013092k free)

vm_info: Java HotSpot(TM) Client VM (25.92-b14) for windows-x86 JRE (1.8.0_92-b14), built on Mar 31 2016 21:09:21 by "java_re" with MS VC++ 10.0 (VS2010)

time: Wed May 18 14:34:48 2016
elapsed time: 3 seconds (0d 0h 0m 3s)

