#
# A fatal error has been detected by the Java Runtime Environment:
#
#  EXCEPTION_ACCESS_VIOLATION (0xc0000005) at pc=0x6966206e, pid=13148, tid=0x00003140
#
# JRE version: Java(TM) SE Runtime Environment (8.0_92-b14) (build 1.8.0_92-b14)
# Java VM: Java HotSpot(TM) Client VM (25.92-b14 mixed mode, sharing windows-x86 )
# Problematic frame:
# C  0x6966206e
#
# Failed to write core dump. Minidumps are not enabled by default on client versions of Windows
#
# If you would like to submit a bug report, please visit:
#   http://bugreport.java.com/bugreport/crash.jsp
#

---------------  T H R E A D  ---------------

Current thread (0x14feb400):  JavaThread "AWT-EventQueue-0" [_thread_in_Java, id=12608, stack(0x17dd0000,0x17e20000)]

siginfo: ExceptionCode=0xc0000005, ExceptionInformation=0x00000008 0x6966206e

Registers:
EAX=0x000003f0, EBX=0x6f7407c8, ECX=0x6966206e, EDX=0x17e1e59c
ESP=0x17e1e5d8, EBP=0x17e1e60c, ESI=0x00000028, EDI=0x14feb400
EIP=0x6966206e, EFLAGS=0x00010246

Top of Stack: (sp=0x17e1e5d8)
0x17e1e5d8:   0255d665 0255d1d0 00dd2120 00dd07c8
0x17e1e5e8:   0255d1a6 17e1e5ec 00dd07c8 17e1e620
0x17e1e5f8:   00dd19e0 00000000 6f7407c8 6d657267
0x17e1e608:   656c6966 38782820 635c2936 6f6d6d6f
0x17e1e618:   6966206e 6373656c 72705c3a 1b011f32
0x17e1e628:   6f63376d 6e6f6d6d 6c696620 00007365
0x17e1e638:   00dd1eb8 17e1e61c 17e1e650 17e1e678
0x17e1e648:   02554889 00000000 04a19c88 0494dcf8 

Instructions: (pc=0x6966206e)
0x6966204e:   
[error occurred during error reporting (printing registers, top of stack, instructions near pc), id 0xc0000005]

Register to memory mapping:

EAX=0x000003f0 is an unknown value
EBX=0x6f7407c8 is an unknown value
ECX=0x6966206e is an unknown value
EDX=0x17e1e59c is pointing into the stack for thread: 0x14feb400
ESP=0x17e1e5d8 is pointing into the stack for thread: 0x14feb400
EBP=0x17e1e60c is pointing into the stack for thread: 0x14feb400
ESI=0x00000028 is an unknown value
EDI=0x14feb400 is a thread


Stack: [0x17dd0000,0x17e20000],  sp=0x17e1e5d8,  free space=313k
Native frames: (J=compiled Java code, j=interpreted, Vv=VM code, C=native code)
C  0x6966206e
C  0x635c2936


---------------  P R O C E S S  ---------------

Java Threads: ( => current thread )
  0x15055800 JavaThread "TimerQueue" daemon [_thread_blocked, id=12696, stack(0x18a40000,0x18a90000)]
  0x1503e000 JavaThread "D3D Screen Updater" daemon [_thread_blocked, id=13088, stack(0x17e60000,0x17eb0000)]
  0x0046d000 JavaThread "DestroyJavaVM" [_thread_blocked, id=8180, stack(0x00400000,0x00450000)]
=>0x14feb400 JavaThread "AWT-EventQueue-0" [_thread_in_Java, id=12608, stack(0x17dd0000,0x17e20000)]
  0x14f9d000 JavaThread "AWT-Windows" daemon [_thread_in_native, id=11200, stack(0x15a20000,0x15a70000)]
  0x14f9a400 JavaThread "AWT-Shutdown" [_thread_blocked, id=12876, stack(0x15990000,0x159e0000)]
  0x14f99800 JavaThread "Java2D Disposer" daemon [_thread_blocked, id=4092, stack(0x15900000,0x15950000)]
  0x009e8800 JavaThread "Service Thread" daemon [_thread_blocked, id=10576, stack(0x14e80000,0x14ed0000)]
  0x009c2400 JavaThread "C1 CompilerThread0" daemon [_thread_blocked, id=8644, stack(0x14df0000,0x14e40000)]
  0x009c0800 JavaThread "Attach Listener" daemon [_thread_blocked, id=8388, stack(0x14d60000,0x14db0000)]
  0x009be800 JavaThread "Signal Dispatcher" daemon [_thread_blocked, id=13116, stack(0x14640000,0x14690000)]
  0x009b4400 JavaThread "Finalizer" daemon [_thread_blocked, id=5972, stack(0x045a0000,0x045f0000)]
  0x00957800 JavaThread "Reference Handler" daemon [_thread_blocked, id=8912, stack(0x04550000,0x045a0000)]

Other Threads:
  0x00953c00 VMThread [stack: 0x01040000,0x01090000] [id=8512]
  0x009f6800 WatcherThread [stack: 0x14f10000,0x14f60000] [id=12976]

VM state:not at safepoint (normal execution)

VM Mutex/Monitor currently owned by a thread: None

Heap:
 def new generation   total 4928K, used 4270K [0x04600000, 0x04b50000, 0x09b50000)
  eden space 4416K,  96% used [0x04600000, 0x04a2bba8, 0x04a50000)
  from space 512K,   0% used [0x04a50000, 0x04a50000, 0x04ad0000)
  to   space 512K,   0% used [0x04ad0000, 0x04ad0000, 0x04b50000)
 tenured generation   total 10944K, used 0K [0x09b50000, 0x0a600000, 0x14600000)
   the space 10944K,   0% used [0x09b50000, 0x09b50000, 0x09b50200, 0x0a600000)
 Metaspace       used 522K, capacity 2535K, committed 2624K, reserved 4480K

Card table byte_map: [0x00ab0000,0x00b40000] byte_map_base: 0x00a8d000

Polling page: 0x00450000

CodeCache: size=32768Kb used=902Kb max_used=902Kb free=31865Kb
 bounds [0x02550000, 0x02638000, 0x04550000]
 total_blobs=443 nmethods=223 adapters=151
 compilation: enabled

Compilation events (10 events):
Event: 2.166 Thread 0x009c2400  219             java.awt.EventQueue::getNextEventPrivate (76 bytes)
Event: 2.167 Thread 0x009c2400 nmethod 219 0x02630408 code [0x02630510, 0x0263063c]
Event: 2.260 Thread 0x009c2400  220             java.util.IdentityHashMap::isEmpty (13 bytes)
Event: 2.261 Thread 0x009c2400 nmethod 220 0x02630748 code [0x02630840, 0x026308d0]
Event: 2.285 Thread 0x009c2400  221             sun.awt.AWTAccessor::getComponentAccessor (18 bytes)
Event: 2.285 Thread 0x009c2400 nmethod 221 0x02630908 code [0x02630a10, 0x02630aac]
Event: 2.298 Thread 0x009c2400  222   !         java.awt.Container::getMouseEventTargetImpl (255 bytes)
Event: 2.300 Thread 0x009c2400 nmethod 222 0x02630b08 code [0x02630cb0, 0x02631374]
Event: 2.699 Thread 0x009c2400  223             java.lang.ref.WeakReference::<init> (6 bytes)
Event: 2.700 Thread 0x009c2400 nmethod 223 0x026319c8 code [0x02631ac0, 0x02631b60]

GC Heap History (0 events):
No events

Deoptimization events (0 events):
No events

Internal exceptions (10 events):
Event: 0.047 Thread 0x0046d000 Exception <a 'java/lang/NoSuchMethodError': Method sun.misc.Unsafe.defineClass(Ljava/lang/String;[BII)Ljava/lang/Class; name or signature does not match> (0x046079d8) thrown at [C:\workspace\8-2-build-windows-i586-cygwin\jdk8u92\6642\hotspot\src\share\vm\pûÀGøÅF¨?
Event: 0.047 Thread 0x0046d000 Exception <a 'java/lang/NoSuchMethodError': Method sun.misc.Unsafe.prefetchRead(Ljava/lang/Object;J)V name or signature does not match> (0x04607ca8) thrown at [C:\workspace\8-2-build-windows-i586-cygwin\jdk8u92\6642\hotspot\src\share\vm\prims\jni.cpp, line’L>qyÄ?
Event: 0.160 Thread 0x0046d000 Exception <a 'java/security/PrivilegedActionException'> (0x04681398) thrown at [C:\workspace\8-2-build-windows-i586-cygwin\jdk8u92\6642\hotspot\src\share\vm\prims\jvm.cpp, line 1386]
Event: 0.160 Thread 0x0046d000 Exception <a 'java/security/PrivilegedActionException'> (0x04681598) thrown at [C:\workspace\8-2-build-windows-i586-cygwin\jdk8u92\6642\hotspot\src\share\vm\prims\jvm.cpp, line 1386]
Event: 0.163 Thread 0x0046d000 Exception <a 'java/security/PrivilegedActionException'> (0x04685380) thrown at [C:\workspace\8-2-build-windows-i586-cygwin\jdk8u92\6642\hotspot\src\share\vm\prims\jvm.cpp, line 1386]
Event: 0.163 Thread 0x0046d000 Exception <a 'java/security/PrivilegedActionException'> (0x04685580) thrown at [C:\workspace\8-2-build-windows-i586-cygwin\jdk8u92\6642\hotspot\src\share\vm\prims\jvm.cpp, line 1386]
Event: 0.169 Thread 0x0046d000 Exception <a 'java/io/FileNotFoundException'> (0x0469d8b8) thrown at [C:\workspace\8-2-build-windows-i586-cygwin\jdk8u92\6642\hotspot\src\share\vm\prims\jni.cpp, line 709]
Event: 0.248 Thread 0x0046d000 Exception <a 'java/lang/NoSuchFieldError': method resolution failed> (0x04758b18) thrown at [C:\workspace\8-2-build-windows-i586-cygwin\jdk8u92\6642\hotspot\src\share\vm\prims\methodHandles.cpp, line 1146]
Event: 0.252 Thread 0x0046d000 Exception <a 'java/lang/NoSuchFieldError': method resolution failed> (0x04764cd8) thrown at [C:\workspace\8-2-build-windows-i586-cygwin\jdk8u92\6642\hotspot\src\share\vm\prims\methodHandles.cpp, line 1146]
Event: 0.307 Thread 0x0046d000 Exception <a 'java/io/FileNotFoundException'> (0x047ebd88) thrown at [C:\workspace\8-2-build-windows-i586-cygwin\jdk8u92\6642\hotspot\src\share\vm\prims\jni.cpp, line 709]

Events (10 events):
Event: 1.631 loading class sun/reflect/UnsafeBooleanFieldAccessorImpl done
Event: 1.634 Thread 0x15055800 Thread added: 0x15055800
Event: 1.687 loading class sun/awt/im/CompositionAreaHandler
Event: 1.688 loading class sun/awt/im/CompositionAreaHandler done
Event: 1.688 loading class java/text/AttributedString
Event: 1.688 loading class java/text/AttributedString done
Event: 1.688 loading class java/text/AttributedString$AttributedStringIterator
Event: 1.688 loading class java/text/AttributedCharacterIterator
Event: 1.688 loading class java/text/AttributedCharacterIterator done
Event: 1.689 loading class java/text/AttributedString$AttributedStringIterator done


Dynamic libraries:
0x01110000 - 0x01143000 	C:\ProgramData\Oracle\Java\javapath\java.exe
0x77240000 - 0x773af000 	C:\Windows\SYSTEM32\ntdll.dll
0x76750000 - 0x76890000 	C:\Windows\SYSTEM32\KERNEL32.DLL
0x75f50000 - 0x76027000 	C:\Windows\SYSTEM32\KERNELBASE.dll
0x6f490000 - 0x6f530000 	C:\Windows\system32\apphelp.dll
0x62d90000 - 0x62ff6000 	C:\Windows\AppPatch\AcGenral.DLL
0x76ad0000 - 0x76b93000 	C:\Windows\SYSTEM32\msvcrt.dll
0x74a30000 - 0x74a71000 	C:\Windows\SYSTEM32\sechost.dll
0x76890000 - 0x768ae000 	C:\Windows\SYSTEM32\SspiCli.dll
0x76160000 - 0x761a5000 	C:\Windows\SYSTEM32\SHLWAPI.dll
0x6f740000 - 0x6f82d000 	C:\Windows\SYSTEM32\UxTheme.dll
0x76260000 - 0x763b3000 	C:\Windows\SYSTEM32\USER32.dll
0x76590000 - 0x7669f000 	C:\Windows\SYSTEM32\GDI32.dll
0x74990000 - 0x749b3000 	C:\Windows\SYSTEM32\WINMM.dll
0x6eca0000 - 0x6ecb3000 	C:\Windows\SYSTEM32\samcli.dll
0x76030000 - 0x76159000 	C:\Windows\SYSTEM32\ole32.dll
0x766a0000 - 0x76735000 	C:\Windows\SYSTEM32\OLEAUT32.dll
0x74580000 - 0x74597000 	C:\Windows\SYSTEM32\MSACM32.dll
0x74240000 - 0x74248000 	C:\Windows\SYSTEM32\VERSION.dll
0x74b10000 - 0x75dcc000 	C:\Windows\SYSTEM32\SHELL32.dll
0x70220000 - 0x7023b000 	C:\Windows\SYSTEM32\USERENV.dll
0x72d90000 - 0x72daa000 	C:\Windows\SYSTEM32\dwmapi.dll
0x706c0000 - 0x7080b000 	C:\Windows\SYSTEM32\urlmon.dll
0x76480000 - 0x764fc000 	C:\Windows\SYSTEM32\ADVAPI32.dll
0x6eb90000 - 0x6ebf5000 	C:\Windows\SYSTEM32\WINSPOOL.DRV
0x6eb70000 - 0x6eb86000 	C:\Windows\SYSTEM32\MPR.dll
0x770b0000 - 0x7716a000 	C:\Windows\SYSTEM32\RPCRT4.dll
0x74a20000 - 0x74a2a000 	C:\Windows\SYSTEM32\CRYPTBASE.dll
0x75dd0000 - 0x75f4d000 	C:\Windows\SYSTEM32\combase.dll
0x74960000 - 0x74983000 	C:\Windows\SYSTEM32\WINMMBASE.dll
0x70210000 - 0x7021f000 	C:\Windows\SYSTEM32\profapi.dll
0x70470000 - 0x706a4000 	C:\Windows\SYSTEM32\iertutil.dll
0x70240000 - 0x7044d000 	C:\Windows\SYSTEM32\WININET.dll
0x749c0000 - 0x74a14000 	C:\Windows\SYSTEM32\bcryptPrimitives.dll
0x761b0000 - 0x761ec000 	C:\Windows\SYSTEM32\cfgmgr32.dll
0x74930000 - 0x74951000 	C:\Windows\SYSTEM32\DEVOBJ.dll
0x74850000 - 0x748db000 	C:\Windows\SYSTEM32\SHCORE.DLL
0x76d30000 - 0x76d57000 	C:\Windows\system32\IMM32.DLL
0x76920000 - 0x76a32000 	C:\Windows\SYSTEM32\MSCTF.dll
0x6fbc0000 - 0x6fdc6000 	C:\Windows\WinSxS\x86_microsoft.windows.common-controls_6595b64144ccf1df_6.0.9600.18006_none_a9ec6aab013aafee\COMCTL32.dll
0x65730000 - 0x657ef000 	C:\Program Files (x86)\Java\jre1.8.0_92\bin\msvcr100.dll
0x629c0000 - 0x62d8b000 	C:\Program Files (x86)\Java\jre1.8.0_92\bin\client\jvm.dll
0x6fe90000 - 0x6fe98000 	C:\Windows\SYSTEM32\WSOCK32.dll
0x76740000 - 0x76746000 	C:\Windows\SYSTEM32\PSAPI.DLL
0x76a80000 - 0x76ad0000 	C:\Windows\SYSTEM32\WS2_32.dll
0x76d60000 - 0x76d67000 	C:\Windows\SYSTEM32\NSI.dll
0x6f860000 - 0x6f86c000 	C:\Program Files (x86)\Java\jre1.8.0_92\bin\verify.dll
0x6ee30000 - 0x6ee51000 	C:\Program Files (x86)\Java\jre1.8.0_92\bin\java.dll
0x6d770000 - 0x6d783000 	C:\Program Files (x86)\Java\jre1.8.0_92\bin\zip.dll
0x65480000 - 0x655c5000 	C:\Program Files (x86)\Java\jre1.8.0_92\bin\awt.dll
0x6f410000 - 0x6f48d000 	C:\Program Files (x86)\Common Files\microsoft shared\ink\tiptsf.dll
0x74780000 - 0x74789000 	C:\Windows\SYSTEM32\kernel.appcore.dll
0x6dbc0000 - 0x6dd93000 	C:\Windows\system32\d3d9.dll
0x6d7c0000 - 0x6d8bc000 	C:\Windows\SYSTEM32\aticfx32.dll
0x6d2e0000 - 0x6d2fb000 	C:\Windows\SYSTEM32\atiu9pag.dll
0x623d0000 - 0x629b3000 	C:\Windows\SYSTEM32\atiumdag.dll
0x61de0000 - 0x623c8000 	C:\Windows\SYSTEM32\atiumdva.dll
0x66980000 - 0x669a6000 	C:\Users\Steven\p2\p2gui3\p2_IO.dll
0x656f0000 - 0x65729000 	C:\Program Files (x86)\Java\jre1.8.0_92\bin\fontmanager.dll
0x656d0000 - 0x656e6000 	C:\Program Files (x86)\Java\jre1.8.0_92\bin\net.dll
0x748e0000 - 0x7492b000 	C:\Windows\system32\mswsock.dll
0x6f850000 - 0x6f85f000 	C:\Program Files (x86)\Java\jre1.8.0_92\bin\nio.dll
0x65690000 - 0x656c2000 	C:\Program Files (x86)\Java\jre1.8.0_92\bin\t2k.dll
0x6f3c0000 - 0x6f410000 	C:\Windows\SYSTEM32\oleacc.dll
0x74a80000 - 0x74b0d000 	C:\Windows\SYSTEM32\clbcatq.dll
0x61c90000 - 0x61dd1000 	C:\Windows\SYSTEM32\dbghelp.dll

VM Arguments:
java_command: p2gui
java_class_path (initial): .
Launcher Type: SUN_STANDARD

Environment Variables:
PATH=C:\Program Files (x86)\Microsoft Visual Studio 14.0\Common7\IDE\CommonExtensions\Microsoft\TestWindow;C:\Program Files (x86)\MSBuild\14.0\bin;C:\Program Files (x86)\Microsoft Visual Studio 14.0\Common7\IDE\;C:\Program Files (x86)\Microsoft Visual Studio 14.0\VC\BIN;C:\Program Files (x86)\Microsoft Visual Studio 14.0\Common7\Tools;C:\Windows\Microsoft.NET\Framework\v4.0.30319;C:\Program Files (x86)\Microsoft Visual Studio 14.0\VC\VCPackages;C:\Program Files (x86)\Microsoft Visual Studio 14.0\Team Tools\Performance Tools;C:\Program Files (x86)\Windows Kits\10\bin\x86;C:\Program Files (x86)\Microsoft SDKs\Windows\v10.0A\bin\NETFX 4.6.1 Tools\;C:\ProgramData\Oracle\Java\javapath;C:\Windows\system32;C:\Windows;C:\Windows\System32\Wbem;C:\Windows\System32\WindowsPowerShell\v1.0\;C:\Program Files\Hewlett-Packard\SimplePass\;C:\Program Files (x86)\Windows Live\Shared;C:\Program Files (x86)\ATI Technologies\ATI.ACE\Core-Static;C:\Users\Steven\.dnx\bin;C:\Program Files\Microsoft DNX\Dnvm\;C:\Program Files\Microsoft SQL Server\120\Tools\Binn\;C:\Program Files (x86)\Windows Kits\10\Windows Performance Toolkit\;C:\Program Files (x86)\Java\jdk1.8.0_92\bin;C:\Program Files (x86)\Microsoft SDKs\Windows\v7.1A\Bin;C:\Program Files (x86)\Microsoft SDKs\Windows\v7.1A\Include;C:\Program Files (x86)\Microsoft SDKs\Windows\v7.1A\Lib;C:\Program Files (x86)\Microsoft Visual Studio 14.0\VC\bin;C:\Program Files (x86)\Microsoft Visual Studio 14.0\VC\include;C:\Program Files (x86)\Microsoft Visual Studio 14.0\VC\lib;C:\Program Files (x86)\Microsoft Visual Studio 14.0\Common7\IDE
USERNAME=gingsum
OS=Windows_NT
PROCESSOR_IDENTIFIER=AMD64 Family 21 Model 19 Stepping 1, AuthenticAMD



---------------  S Y S T E M  ---------------

OS: Windows 8.1 , 64 bit Build 9600 (6.3.9600.17415)

CPU:total 4 (4 cores per cpu, 1 threads per core) family 21 model 19 stepping 1, cmov, cx8, fxsr, mmx, sse, sse2, sse3, ssse3, sse4.1, sse4.2, popcnt, avx, aes, clmul, mmxext, 3dnowpref, lzcnt, sse4a, tsc, tscinvbit, tscinv, bmi1

Memory: 4k page, physical 7543048k(4084108k free), swap 8722696k(4008020k free)

vm_info: Java HotSpot(TM) Client VM (25.92-b14) for windows-x86 JRE (1.8.0_92-b14), built on Mar 31 2016 21:09:21 by "java_re" with MS VC++ 10.0 (VS2010)

time: Wed May 18 14:35:29 2016
elapsed time: 2 seconds (0d 0h 0m 2s)

