#
# A fatal error has been detected by the Java Runtime Environment:
#
#  EXCEPTION_ACCESS_VIOLATION (0xc0000005) at pc=0x62b66b66, pid=11652, tid=0x0000242c
#
# JRE version: Java(TM) SE Runtime Environment (8.0_92-b14) (build 1.8.0_92-b14)
# Java VM: Java HotSpot(TM) Client VM (25.92-b14 mixed mode, sharing windows-x86 )
# Problematic frame:
# V  [jvm.dll+0x1a6b66]
#
# Failed to write core dump. Minidumps are not enabled by default on client versions of Windows
#
# If you would like to submit a bug report, please visit:
#   http://bugreport.java.com/bugreport/crash.jsp
#

---------------  T H R E A D  ---------------

Current thread (0x00a2d000):  JavaThread "main" [_thread_in_vm, id=9260, stack(0x00ae0000,0x00b30000)]

siginfo: ExceptionCode=0xc0000005, reading address 0x00000022

Registers:
EAX=0x00000022, EBX=0x00000022, ECX=0x00b2e67c, EDX=0x00000022
ESP=0x00b2e640, EBP=0x00b2e640, ESI=0x00a2d000, EDI=0x00a2d140
EIP=0x62b66b66, EFLAGS=0x00010206

Top of Stack: (sp=0x00b2e640)
0x00b2e640:   00b2e658 62a0566b 00000022 00a2d140
0x00b2e650:   00a2d000 14e70328 00b2e670 62a056e5
0x00b2e660:   00b2e67c 00000022 00a2d000 00a2d000
0x00b2e670:   00b2e69c 62a96772 00000022 00a2d000
0x00b2e680:   00a2d000 14e70328 14e70328 00a2d000
0x00b2e690:   00000000 00a2d140 00d14828 00b2e6b0
0x00b2e6a0:   6d7715dc 00a2d140 00000022 00a2d140
0x00b2e6b0:   00b2f6c8 6d7714c9 00000022 00d14828 

Instructions: (pc=0x62b66b66)
0x62b66b46:   24 c0 3c 80 75 01 4f 41 3b ca 7c f1 5e 8b c7 5f
0x62b66b56:   5d c3 cc cc cc cc cc cc cc cc 55 8b ec 8b 55 08
0x62b66b66:   8a 0a 33 c0 84 c9 74 13 8b ff 80 e1 c0 80 f9 80
0x62b66b76:   74 01 40 8a 4a 01 42 84 c9 75 ef 5d c3 cc cc cc 


Register to memory mapping:

EAX=0x00000022 is an unknown value
EBX=0x00000022 is an unknown value
ECX=0x00b2e67c is pointing into the stack for thread: 0x00a2d000
EDX=0x00000022 is an unknown value
ESP=0x00b2e640 is pointing into the stack for thread: 0x00a2d000
EBP=0x00b2e640 is pointing into the stack for thread: 0x00a2d000
ESI=0x00a2d000 is a thread
EDI=0x00a2d140 is an unknown value


Stack: [0x00ae0000,0x00b30000],  sp=0x00b2e640,  free space=313k
Native frames: (J=compiled Java code, j=interpreted, Vv=VM code, C=native code)
V  [jvm.dll+0x1a6b66]
V  [jvm.dll+0x4566b]
V  [jvm.dll+0x456e5]
V  [jvm.dll+0xd6772]
C  [p2_IO.dll+0x15dc]
C  [p2_IO.dll+0x14c9]
j  p2gui.name()Ljava/lang/String;+0
j  p2gui.main([Ljava/lang/String;)V+24
v  ~StubRoutines::call_stub
V  [jvm.dll+0x159775]
V  [jvm.dll+0x21f4ae]
V  [jvm.dll+0x15980e]
V  [jvm.dll+0xdb497]
V  [jvm.dll+0xe3a2f]
C  [java.exe+0x229e]
C  [java.exe+0xaeaf]
C  [java.exe+0xaf39]
C  [KERNEL32.DLL+0x17c04]
C  [ntdll.dll+0x5ab8f]
C  [ntdll.dll+0x5ab5a]
C  0x00000000

Java frames: (J=compiled Java code, j=interpreted, Vv=VM code)
j  p2gui.name()Ljava/lang/String;+0
j  p2gui.main([Ljava/lang/String;)V+24
v  ~StubRoutines::call_stub

---------------  P R O C E S S  ---------------

Java Threads: ( => current thread )
  0x00d9e400 JavaThread "Service Thread" daemon [_thread_blocked, id=3288, stack(0x15a90000,0x15ae0000)]
  0x00d83000 JavaThread "C1 CompilerThread0" daemon [_thread_blocked, id=10428, stack(0x15a00000,0x15a50000)]
  0x00d81800 JavaThread "Attach Listener" daemon [_thread_blocked, id=6336, stack(0x15970000,0x159c0000)]
  0x00d7f800 JavaThread "Signal Dispatcher" daemon [_thread_blocked, id=4532, stack(0x158e0000,0x15930000)]
  0x00d74400 JavaThread "Finalizer" daemon [_thread_blocked, id=9208, stack(0x15200000,0x15250000)]
  0x00d17800 JavaThread "Reference Handler" daemon [_thread_blocked, id=3032, stack(0x15170000,0x151c0000)]
=>0x00a2d000 JavaThread "main" [_thread_in_vm, id=9260, stack(0x00ae0000,0x00b30000)]

Other Threads:
  0x00d13c00 VMThread [stack: 0x150e0000,0x15130000] [id=5768]
  0x00db7400 WatcherThread [stack: 0x15b20000,0x15b70000] [id=10168]

VM state:not at safepoint (normal execution)

VM Mutex/Monitor currently owned by a thread: None

Heap:
 def new generation   total 4928K, used 453K [0x04600000, 0x04b50000, 0x09b50000)
  eden space 4416K,  10% used [0x04600000, 0x04671760, 0x04a50000)
  from space 512K,   0% used [0x04a50000, 0x04a50000, 0x04ad0000)
  to   space 512K,   0% used [0x04ad0000, 0x04ad0000, 0x04b50000)
 tenured generation   total 10944K, used 0K [0x09b50000, 0x0a600000, 0x14600000)
   the space 10944K,   0% used [0x09b50000, 0x09b50000, 0x09b50200, 0x0a600000)
 Metaspace       used 46K, capacity 2242K, committed 2368K, reserved 4480K

Card table byte_map: [0x04550000,0x045e0000] byte_map_base: 0x0452d000

Polling page: 0x009f0000

CodeCache: size=32768Kb used=668Kb max_used=668Kb free=32099Kb
 bounds [0x02550000, 0x025f8000, 0x04550000]
 total_blobs=152 nmethods=15 adapters=69
 compilation: enabled

Compilation events (10 events):
Event: 0.104 Thread 0x00d83000   11             java.lang.String::lastIndexOf (52 bytes)
Event: 0.104 Thread 0x00d83000 nmethod 11 0x025f5f88 code [0x025f6090, 0x025f619c]
Event: 0.104 Thread 0x00d83000   12             java.lang.AbstractStringBuilder::ensureCapacityInternal (16 bytes)
Event: 0.105 Thread 0x00d83000 nmethod 12 0x025f6288 code [0x025f6390, 0x025f643c]
Event: 0.105 Thread 0x00d83000   13             java.lang.AbstractStringBuilder::append (29 bytes)
Event: 0.105 Thread 0x00d83000 nmethod 13 0x025f64c8 code [0x025f65d0, 0x025f66bc]
Event: 0.110 Thread 0x00d83000   14             java.lang.String::length (6 bytes)
Event: 0.110 Thread 0x00d83000 nmethod 14 0x025f67c8 code [0x025f68c0, 0x025f6950]
Event: 0.111 Thread 0x00d83000   15             java.io.WinNTFileSystem::normalize (143 bytes)
Event: 0.112 Thread 0x00d83000 nmethod 15 0x025f69c8 code [0x025f6b10, 0x025f6d8c]

GC Heap History (0 events):
No events

Deoptimization events (0 events):
No events

Internal exceptions (2 events):
Event: 0.040 Thread 0x00a2d000 Exception <a 'java/lang/NoSuchMethodError': Method sun.misc.Unsafe.defineClass(Ljava/lang/String;[BII)Ljava/lang/Class; name or signature does not match> (0x046079d8) thrown at [C:\workspace\8-2-build-windows-i586-cygwin\jdk8u92\6642\hotspot\src\share\vm\pu®Ð8°¤?
Event: 0.040 Thread 0x00a2d000 Exception <a 'java/lang/NoSuchMethodError': Method sun.misc.Unsafe.prefetchRead(Ljava/lang/Object;J)V name or signature does not match> (0x04607ca8) thrown at [C:\workspace\8-2-build-windows-i586-cygwin\jdk8u92\6642\hotspot\src\share\vm\prims\jni.cpp, line

Events (10 events):
Event: 0.092 loading class sun/nio/cs/ThreadLocalCoders
Event: 0.093 loading class sun/nio/cs/ThreadLocalCoders done
Event: 0.093 loading class sun/nio/cs/ThreadLocalCoders$1
Event: 0.093 loading class sun/nio/cs/ThreadLocalCoders$Cache
Event: 0.093 loading class sun/nio/cs/ThreadLocalCoders$Cache done
Event: 0.093 loading class sun/nio/cs/ThreadLocalCoders$1 done
Event: 0.093 loading class sun/nio/cs/ThreadLocalCoders$2
Event: 0.093 loading class sun/nio/cs/ThreadLocalCoders$2 done
Event: 0.103 loading class sun/misc/URLClassPath$FileLoader$1
Event: 0.104 loading class sun/misc/URLClassPath$FileLoader$1 done


Dynamic libraries:
0x00870000 - 0x008a3000 	C:\ProgramData\Oracle\Java\javapath\java.exe
0x77240000 - 0x773af000 	C:\Windows\SYSTEM32\ntdll.dll
0x76750000 - 0x76890000 	C:\Windows\SYSTEM32\KERNEL32.DLL
0x75f50000 - 0x76027000 	C:\Windows\SYSTEM32\KERNELBASE.dll
0x6f490000 - 0x6f530000 	C:\Windows\system32\apphelp.dll
0x62d90000 - 0x62ff6000 	C:\Windows\AppPatch\AcGenral.DLL
0x76ad0000 - 0x76b93000 	C:\Windows\SYSTEM32\msvcrt.dll
0x74a30000 - 0x74a71000 	C:\Windows\SYSTEM32\sechost.dll
0x76890000 - 0x768ae000 	C:\Windows\SYSTEM32\SspiCli.dll
0x76160000 - 0x761a5000 	C:\Windows\SYSTEM32\SHLWAPI.dll
0x6f740000 - 0x6f82d000 	C:\Windows\SYSTEM32\UxTheme.dll
0x76260000 - 0x763b3000 	C:\Windows\SYSTEM32\USER32.dll
0x76590000 - 0x7669f000 	C:\Windows\SYSTEM32\GDI32.dll
0x74990000 - 0x749b3000 	C:\Windows\SYSTEM32\WINMM.dll
0x6eca0000 - 0x6ecb3000 	C:\Windows\SYSTEM32\samcli.dll
0x76030000 - 0x76159000 	C:\Windows\SYSTEM32\ole32.dll
0x766a0000 - 0x76735000 	C:\Windows\SYSTEM32\OLEAUT32.dll
0x74580000 - 0x74597000 	C:\Windows\SYSTEM32\MSACM32.dll
0x74240000 - 0x74248000 	C:\Windows\SYSTEM32\VERSION.dll
0x74b10000 - 0x75dcc000 	C:\Windows\SYSTEM32\SHELL32.dll
0x70220000 - 0x7023b000 	C:\Windows\SYSTEM32\USERENV.dll
0x72d90000 - 0x72daa000 	C:\Windows\SYSTEM32\dwmapi.dll
0x706c0000 - 0x7080b000 	C:\Windows\SYSTEM32\urlmon.dll
0x76480000 - 0x764fc000 	C:\Windows\SYSTEM32\ADVAPI32.dll
0x6eb90000 - 0x6ebf5000 	C:\Windows\SYSTEM32\WINSPOOL.DRV
0x6eb70000 - 0x6eb86000 	C:\Windows\SYSTEM32\MPR.dll
0x770b0000 - 0x7716a000 	C:\Windows\SYSTEM32\RPCRT4.dll
0x74a20000 - 0x74a2a000 	C:\Windows\SYSTEM32\CRYPTBASE.dll
0x75dd0000 - 0x75f4d000 	C:\Windows\SYSTEM32\combase.dll
0x74960000 - 0x74983000 	C:\Windows\SYSTEM32\WINMMBASE.dll
0x70210000 - 0x7021f000 	C:\Windows\SYSTEM32\profapi.dll
0x70470000 - 0x706a4000 	C:\Windows\SYSTEM32\iertutil.dll
0x70240000 - 0x7044d000 	C:\Windows\SYSTEM32\WININET.dll
0x749c0000 - 0x74a14000 	C:\Windows\SYSTEM32\bcryptPrimitives.dll
0x761b0000 - 0x761ec000 	C:\Windows\SYSTEM32\cfgmgr32.dll
0x74930000 - 0x74951000 	C:\Windows\SYSTEM32\DEVOBJ.dll
0x74850000 - 0x748db000 	C:\Windows\SYSTEM32\SHCORE.DLL
0x76d30000 - 0x76d57000 	C:\Windows\system32\IMM32.DLL
0x76920000 - 0x76a32000 	C:\Windows\SYSTEM32\MSCTF.dll
0x6fbc0000 - 0x6fdc6000 	C:\Windows\WinSxS\x86_microsoft.windows.common-controls_6595b64144ccf1df_6.0.9600.18006_none_a9ec6aab013aafee\COMCTL32.dll
0x65510000 - 0x655cf000 	C:\Program Files (x86)\Java\jre1.8.0_92\bin\msvcr100.dll
0x629c0000 - 0x62d8b000 	C:\Program Files (x86)\Java\jre1.8.0_92\bin\client\jvm.dll
0x6f830000 - 0x6f838000 	C:\Windows\SYSTEM32\WSOCK32.dll
0x76740000 - 0x76746000 	C:\Windows\SYSTEM32\PSAPI.DLL
0x76a80000 - 0x76ad0000 	C:\Windows\SYSTEM32\WS2_32.dll
0x76d60000 - 0x76d67000 	C:\Windows\SYSTEM32\NSI.dll
0x6f530000 - 0x6f53c000 	C:\Program Files (x86)\Java\jre1.8.0_92\bin\verify.dll
0x6f120000 - 0x6f141000 	C:\Program Files (x86)\Java\jre1.8.0_92\bin\java.dll
0x6ee40000 - 0x6ee53000 	C:\Program Files (x86)\Java\jre1.8.0_92\bin\zip.dll
0x6d770000 - 0x6d785000 	C:\Users\Steven\p2\p2gui3\p2_IO.dll
0x65630000 - 0x65771000 	C:\Windows\SYSTEM32\dbghelp.dll

VM Arguments:
java_command: p2gui
java_class_path (initial): .
Launcher Type: SUN_STANDARD

Environment Variables:
PATH=C:\Program Files (x86)\Microsoft Visual Studio 14.0\Common7\IDE\CommonExtensions\Microsoft\TestWindow;C:\Program Files (x86)\MSBuild\14.0\bin;C:\Program Files (x86)\Microsoft Visual Studio 14.0\Common7\IDE\;C:\Program Files (x86)\Microsoft Visual Studio 14.0\VC\BIN;C:\Program Files (x86)\Microsoft Visual Studio 14.0\Common7\Tools;C:\Windows\Microsoft.NET\Framework\v4.0.30319;C:\Program Files (x86)\Microsoft Visual Studio 14.0\VC\VCPackages;C:\Program Files (x86)\Microsoft Visual Studio 14.0\Team Tools\Performance Tools;C:\Program Files (x86)\Windows Kits\10\bin\x86;C:\Program Files (x86)\Microsoft SDKs\Windows\v10.0A\bin\NETFX 4.6.1 Tools\;C:\ProgramData\Oracle\Java\javapath;C:\Windows\system32;C:\Windows;C:\Windows\System32\Wbem;C:\Windows\System32\WindowsPowerShell\v1.0\;C:\Program Files\Hewlett-Packard\SimplePass\;C:\Program Files (x86)\Windows Live\Shared;C:\Program Files (x86)\ATI Technologies\ATI.ACE\Core-Static;C:\Users\Steven\.dnx\bin;C:\Program Files\Microsoft DNX\Dnvm\;C:\Program Files\Microsoft SQL Server\120\Tools\Binn\;C:\Program Files (x86)\Windows Kits\10\Windows Performance Toolkit\;C:\Program Files (x86)\Java\jdk1.8.0_92\bin;C:\Program Files (x86)\Microsoft SDKs\Windows\v7.1A\Bin;C:\Program Files (x86)\Microsoft SDKs\Windows\v7.1A\Include;C:\Program Files (x86)\Microsoft SDKs\Windows\v7.1A\Lib;C:\Program Files (x86)\Microsoft Visual Studio 14.0\VC\bin;C:\Program Files (x86)\Microsoft Visual Studio 14.0\VC\include;C:\Program Files (x86)\Microsoft Visual Studio 14.0\VC\lib;C:\Program Files (x86)\Microsoft Visual Studio 14.0\Common7\IDE
USERNAME=gingsum
OS=Windows_NT
PROCESSOR_IDENTIFIER=AMD64 Family 21 Model 19 Stepping 1, AuthenticAMD



---------------  S Y S T E M  ---------------

OS: Windows 8.1 , 64 bit Build 9600 (6.3.9600.17415)

CPU:total 4 (4 cores per cpu, 1 threads per core) family 21 model 19 stepping 1, cmov, cx8, fxsr, mmx, sse, sse2, sse3, ssse3, sse4.1, sse4.2, popcnt, avx, aes, clmul, mmxext, 3dnowpref, lzcnt, sse4a, tsc, tscinvbit, tscinv, bmi1

Memory: 4k page, physical 7543048k(4085760k free), swap 8722696k(4063788k free)

vm_info: Java HotSpot(TM) Client VM (25.92-b14) for windows-x86 JRE (1.8.0_92-b14), built on Mar 31 2016 21:09:21 by "java_re" with MS VC++ 10.0 (VS2010)

time: Tue May 17 23:21:06 2016
elapsed time: 0 seconds (0d 0h 0m 0s)

