#
# A fatal error has been detected by the Java Runtime Environment:
#
#  EXCEPTION_ACCESS_VIOLATION (0xc0000005) at pc=0x02644854, pid=12880, tid=0x00002a14
#
# JRE version: Java(TM) SE Runtime Environment (8.0_92-b14) (build 1.8.0_92-b14)
# Java VM: Java HotSpot(TM) Client VM (25.92-b14 mixed mode windows-x86 )
# Problematic frame:
# C  0x02644854
#
# Failed to write core dump. Minidumps are not enabled by default on client versions of Windows
#
# If you would like to submit a bug report, please visit:
#   http://bugreport.java.com/bugreport/crash.jsp
#

---------------  T H R E A D  ---------------

Current thread (0x15255c00):  JavaThread "AWT-EventQueue-0" [_thread_in_Java, id=10772, stack(0x18c40000,0x18c90000)]

siginfo: ExceptionCode=0xc0000005, ExceptionInformation=0x00000008 0x02644854

Registers:
EAX=0x000003f0, EBX=0x14e307c8, ECX=0x18c8eaec, EDX=0x18c8ea7c
ESP=0x18c8eaec, EBP=0x1869eb14, ESI=0x14e307c8, EDI=0x02644854
EIP=0x02644854, EFLAGS=0x00010246

Top of Stack: (sp=0x18c8eaec)
0x18c8eaec:   00000065 04dd8c63 18c8eaf4 14e31ea7
0x18c8eafc:   18c8eb24 14e32078 00000000 14e31eb8
0x18c8eb0c:   18c8eaec 18c8eb20 18c8eb48 02b04889
0x18c8eb1c:   00000000 05036398 04f4d918 18c8eb28
0x18c8eb2c:   18b0f6f5 18c8eb54 18b11938 00000000
0x18c8eb3c:   18b0f700 18c8eb20 18c8eb50 18c8eb78
0x18c8eb4c:   02b04889 05036398 04f4dac0 18c8eb58
0x18c8eb5c:   14daef02 18c8eb8c 14db83e0 00000000 

Instructions: (pc=0x02644854)
0x02644834:   
[error occurred during error reporting (printing registers, top of stack, instructions near pc), id 0xc0000005]

Register to memory mapping:

EAX=0x000003f0 is an unknown value
EBX={method} {0x14e307cc} 'sort' '(I)V' in 'p2gui'
ECX=0x18c8eaec is pointing into the stack for thread: 0x15255c00
EDX=0x18c8ea7c is pointing into the stack for thread: 0x15255c00
ESP=0x18c8eaec is pointing into the stack for thread: 0x15255c00
EBP=0x1869eb14 is an unknown value
ESI={method} {0x14e307cc} 'sort' '(I)V' in 'p2gui'
EDI=0x02644854 is an unknown value


Stack: [0x18c40000,0x18c90000],  sp=0x18c8eaec,  free space=314k
Native frames: (J=compiled Java code, j=interpreted, Vv=VM code, C=native code)
C  0x02644854


---------------  P R O C E S S  ---------------

Java Threads: ( => current thread )
  0x18d2d400 JavaThread "TimerQueue" daemon [_thread_blocked, id=3760, stack(0x1a9a0000,0x1a9f0000)]
  0x18d0e400 JavaThread "D3D Screen Updater" daemon [_thread_blocked, id=13280, stack(0x195c0000,0x19610000)]
  0x02a8d000 JavaThread "DestroyJavaVM" [_thread_blocked, id=12596, stack(0x00e20000,0x00e70000)]
=>0x15255c00 JavaThread "AWT-EventQueue-0" [_thread_in_Java, id=10772, stack(0x18c40000,0x18c90000)]
  0x1519fc00 JavaThread "AWT-Windows" daemon [_thread_in_native, id=12888, stack(0x159b0000,0x15a00000)]
  0x1519f000 JavaThread "AWT-Shutdown" [_thread_blocked, id=9840, stack(0x15920000,0x15970000)]
  0x1519c400 JavaThread "Java2D Disposer" daemon [_thread_blocked, id=12772, stack(0x15890000,0x158e0000)]
  0x1508e000 JavaThread "Service Thread" daemon [_thread_blocked, id=10528, stack(0x15580000,0x155d0000)]
  0x15085800 JavaThread "C1 CompilerThread0" daemon [_thread_blocked, id=12972, stack(0x154f0000,0x15540000)]
  0x15084000 JavaThread "Attach Listener" daemon [_thread_blocked, id=8908, stack(0x15460000,0x154b0000)]
  0x1508ec00 JavaThread "Signal Dispatcher" daemon [_thread_blocked, id=11968, stack(0x153d0000,0x15420000)]
  0x1507b000 JavaThread "Finalizer" daemon [_thread_blocked, id=12692, stack(0x15260000,0x152b0000)]
  0x15065400 JavaThread "Reference Handler" daemon [_thread_blocked, id=12452, stack(0x04b40000,0x04b90000)]

Other Threads:
  0x0124d000 VMThread [stack: 0x02a90000,0x02ae0000] [id=12536]
  0x150bd400 WatcherThread [stack: 0x15610000,0x15660000] [id=2580]

VM state:not at safepoint (normal execution)

VM Mutex/Monitor currently owned by a thread: None

Heap:
 def new generation   total 4928K, used 4352K [0x04c00000, 0x05150000, 0x0a150000)
  eden space 4416K,  98% used [0x04c00000, 0x050403d0, 0x05050000)
  from space 512K,   0% used [0x05050000, 0x05050000, 0x050d0000)
  to   space 512K,   0% used [0x050d0000, 0x050d0000, 0x05150000)
 tenured generation   total 10944K, used 0K [0x0a150000, 0x0ac00000, 0x14c00000)
   the space 10944K,   0% used [0x0a150000, 0x0a150000, 0x0a150200, 0x0ac00000)
 Metaspace       used 6003K, capacity 6223K, committed 6272K, reserved 6528K

Card table byte_map: [0x029c0000,0x02a50000] byte_map_base: 0x0299a000

Polling page: 0x00e70000

CodeCache: size=32768Kb used=914Kb max_used=914Kb free=31853Kb
 bounds [0x02b00000, 0x02be8000, 0x04b00000]
 total_blobs=462 nmethods=242 adapters=151
 compilation: enabled

Compilation events (10 events):
Event: 2.318 Thread 0x15085800  238             java.awt.Container::getChildAt (54 bytes)
Event: 2.319 Thread 0x15085800 nmethod 238 0x02be2888 code [0x02be29a0, 0x02be2af8]
Event: 2.319 Thread 0x15085800  239             java.awt.Component::getCursor_NoClientCode (30 bytes)
Event: 2.320 Thread 0x15085800 nmethod 239 0x02be2c08 code [0x02be2d30, 0x02be2e64]
Event: 2.332 Thread 0x15085800  240             java.util.ArrayList::get (11 bytes)
Event: 2.332 Thread 0x15085800 nmethod 240 0x02be2f88 code [0x02be30a0, 0x02be31b8]
Event: 2.434 Thread 0x15085800  241             javax.swing.Timer::getLock (5 bytes)
Event: 2.434 Thread 0x15085800 nmethod 241 0x02be3348 code [0x02be3440, 0x02be34c0]
Event: 2.908 Thread 0x15085800  242             java.security.AccessControlContext::optimize (318 bytes)
Event: 2.912 Thread 0x15085800 nmethod 242 0x02be3508 code [0x02be3710, 0x02be4018]

GC Heap History (0 events):
No events

Deoptimization events (0 events):
No events

Internal exceptions (10 events):
Event: 0.074 Thread 0x02a8d000 Exception <a 'java/lang/NoSuchMethodError': Method sun.misc.Unsafe.defineClass(Ljava/lang/String;[BII)Ljava/lang/Class; name or signature does not match> (0x04c06ea8) thrown at [C:\workspace\8-2-build-windows-i586-cygwin\jdk8u92\6642\hotspot\src\share\vm\pù\qØú²?
Event: 0.074 Thread 0x02a8d000 Exception <a 'java/lang/NoSuchMethodError': Method sun.misc.Unsafe.prefetchRead(Ljava/lang/Object;J)V name or signature does not match> (0x04c07178) thrown at [C:\workspace\8-2-build-windows-i586-cygwin\jdk8u92\6642\hotspot\src\share\vm\prims\jni.cpp, line1MLÉbGÎ?
Event: 0.237 Thread 0x02a8d000 Exception <a 'java/security/PrivilegedActionException'> (0x04c80b18) thrown at [C:\workspace\8-2-build-windows-i586-cygwin\jdk8u92\6642\hotspot\src\share\vm\prims\jvm.cpp, line 1386]
Event: 0.237 Thread 0x02a8d000 Exception <a 'java/security/PrivilegedActionException'> (0x04c80d18) thrown at [C:\workspace\8-2-build-windows-i586-cygwin\jdk8u92\6642\hotspot\src\share\vm\prims\jvm.cpp, line 1386]
Event: 0.239 Thread 0x02a8d000 Exception <a 'java/security/PrivilegedActionException'> (0x04c84b00) thrown at [C:\workspace\8-2-build-windows-i586-cygwin\jdk8u92\6642\hotspot\src\share\vm\prims\jvm.cpp, line 1386]
Event: 0.239 Thread 0x02a8d000 Exception <a 'java/security/PrivilegedActionException'> (0x04c84d00) thrown at [C:\workspace\8-2-build-windows-i586-cygwin\jdk8u92\6642\hotspot\src\share\vm\prims\jvm.cpp, line 1386]
Event: 0.248 Thread 0x02a8d000 Exception <a 'java/io/FileNotFoundException'> (0x04c9d028) thrown at [C:\workspace\8-2-build-windows-i586-cygwin\jdk8u92\6642\hotspot\src\share\vm\prims\jni.cpp, line 709]
Event: 0.338 Thread 0x02a8d000 Exception <a 'java/lang/NoSuchFieldError': method resolution failed> (0x04d58660) thrown at [C:\workspace\8-2-build-windows-i586-cygwin\jdk8u92\6642\hotspot\src\share\vm\prims\methodHandles.cpp, line 1146]
Event: 0.343 Thread 0x02a8d000 Exception <a 'java/lang/NoSuchFieldError': method resolution failed> (0x04d64820) thrown at [C:\workspace\8-2-build-windows-i586-cygwin\jdk8u92\6642\hotspot\src\share\vm\prims\methodHandles.cpp, line 1146]
Event: 0.435 Thread 0x02a8d000 Exception <a 'java/io/FileNotFoundException'> (0x04deb8b8) thrown at [C:\workspace\8-2-build-windows-i586-cygwin\jdk8u92\6642\hotspot\src\share\vm\prims\jni.cpp, line 709]

Events (10 events):
Event: 1.998 loading class java/util/concurrent/TimeUnit$3
Event: 1.998 loading class java/util/concurrent/TimeUnit$3 done
Event: 1.998 loading class java/util/concurrent/TimeUnit$4
Event: 1.999 loading class java/util/concurrent/TimeUnit$4 done
Event: 1.999 loading class java/util/concurrent/TimeUnit$5
Event: 1.999 loading class java/util/concurrent/TimeUnit$5 done
Event: 1.999 loading class java/util/concurrent/TimeUnit$6
Event: 1.999 loading class java/util/concurrent/TimeUnit$6 done
Event: 1.999 loading class java/util/concurrent/TimeUnit$7
Event: 1.999 loading class java/util/concurrent/TimeUnit$7 done


Dynamic libraries:
0x01110000 - 0x01143000 	C:\ProgramData\Oracle\Java\javapath\java.exe
0x77240000 - 0x773af000 	C:\Windows\SYSTEM32\ntdll.dll
0x76750000 - 0x76890000 	C:\Windows\SYSTEM32\KERNEL32.DLL
0x75f50000 - 0x76027000 	C:\Windows\SYSTEM32\KERNELBASE.dll
0x6f490000 - 0x6f530000 	C:\Windows\system32\apphelp.dll
0x62d90000 - 0x62ff6000 	C:\Windows\AppPatch\AcGenral.DLL
0x76ad0000 - 0x76b93000 	C:\Windows\SYSTEM32\msvcrt.dll
0x74a30000 - 0x74a71000 	C:\Windows\SYSTEM32\sechost.dll
0x76890000 - 0x768ae000 	C:\Windows\SYSTEM32\SspiCli.dll
0x76160000 - 0x761a5000 	C:\Windows\SYSTEM32\SHLWAPI.dll
0x6f740000 - 0x6f82d000 	C:\Windows\SYSTEM32\UxTheme.dll
0x76260000 - 0x763b3000 	C:\Windows\SYSTEM32\USER32.dll
0x76590000 - 0x7669f000 	C:\Windows\SYSTEM32\GDI32.dll
0x74990000 - 0x749b3000 	C:\Windows\SYSTEM32\WINMM.dll
0x6eca0000 - 0x6ecb3000 	C:\Windows\SYSTEM32\samcli.dll
0x76030000 - 0x76159000 	C:\Windows\SYSTEM32\ole32.dll
0x766a0000 - 0x76735000 	C:\Windows\SYSTEM32\OLEAUT32.dll
0x74580000 - 0x74597000 	C:\Windows\SYSTEM32\MSACM32.dll
0x74240000 - 0x74248000 	C:\Windows\SYSTEM32\VERSION.dll
0x74b10000 - 0x75dcc000 	C:\Windows\SYSTEM32\SHELL32.dll
0x70220000 - 0x7023b000 	C:\Windows\SYSTEM32\USERENV.dll
0x72d90000 - 0x72daa000 	C:\Windows\SYSTEM32\dwmapi.dll
0x706c0000 - 0x7080b000 	C:\Windows\SYSTEM32\urlmon.dll
0x76480000 - 0x764fc000 	C:\Windows\SYSTEM32\ADVAPI32.dll
0x6eb90000 - 0x6ebf5000 	C:\Windows\SYSTEM32\WINSPOOL.DRV
0x6eb70000 - 0x6eb86000 	C:\Windows\SYSTEM32\MPR.dll
0x770b0000 - 0x7716a000 	C:\Windows\SYSTEM32\RPCRT4.dll
0x74a20000 - 0x74a2a000 	C:\Windows\SYSTEM32\CRYPTBASE.dll
0x75dd0000 - 0x75f4d000 	C:\Windows\SYSTEM32\combase.dll
0x74960000 - 0x74983000 	C:\Windows\SYSTEM32\WINMMBASE.dll
0x70210000 - 0x7021f000 	C:\Windows\SYSTEM32\profapi.dll
0x70470000 - 0x706a4000 	C:\Windows\SYSTEM32\iertutil.dll
0x70240000 - 0x7044d000 	C:\Windows\SYSTEM32\WININET.dll
0x749c0000 - 0x74a14000 	C:\Windows\SYSTEM32\bcryptPrimitives.dll
0x761b0000 - 0x761ec000 	C:\Windows\SYSTEM32\cfgmgr32.dll
0x74930000 - 0x74951000 	C:\Windows\SYSTEM32\DEVOBJ.dll
0x74850000 - 0x748db000 	C:\Windows\SYSTEM32\SHCORE.DLL
0x76d30000 - 0x76d57000 	C:\Windows\system32\IMM32.DLL
0x76920000 - 0x76a32000 	C:\Windows\SYSTEM32\MSCTF.dll
0x6fbc0000 - 0x6fdc6000 	C:\Windows\WinSxS\x86_microsoft.windows.common-controls_6595b64144ccf1df_6.0.9600.18006_none_a9ec6aab013aafee\COMCTL32.dll
0x65510000 - 0x655cf000 	C:\Program Files (x86)\Java\jre1.8.0_92\bin\msvcr100.dll
0x629c0000 - 0x62d8b000 	C:\Program Files (x86)\Java\jre1.8.0_92\bin\client\jvm.dll
0x6fe90000 - 0x6fe98000 	C:\Windows\SYSTEM32\WSOCK32.dll
0x76740000 - 0x76746000 	C:\Windows\SYSTEM32\PSAPI.DLL
0x76a80000 - 0x76ad0000 	C:\Windows\SYSTEM32\WS2_32.dll
0x76d60000 - 0x76d67000 	C:\Windows\SYSTEM32\NSI.dll
0x6f860000 - 0x6f86c000 	C:\Program Files (x86)\Java\jre1.8.0_92\bin\verify.dll
0x6ee30000 - 0x6ee51000 	C:\Program Files (x86)\Java\jre1.8.0_92\bin\java.dll
0x6d770000 - 0x6d783000 	C:\Program Files (x86)\Java\jre1.8.0_92\bin\zip.dll
0x62870000 - 0x629b5000 	C:\Program Files (x86)\Java\jre1.8.0_92\bin\awt.dll
0x6f410000 - 0x6f48d000 	C:\Program Files (x86)\Common Files\microsoft shared\ink\tiptsf.dll
0x74780000 - 0x74789000 	C:\Windows\SYSTEM32\kernel.appcore.dll
0x6dbc0000 - 0x6dd93000 	C:\Windows\system32\d3d9.dll
0x6d7c0000 - 0x6d8bc000 	C:\Windows\SYSTEM32\aticfx32.dll
0x6d2e0000 - 0x6d2fb000 	C:\Windows\SYSTEM32\atiu9pag.dll
0x62280000 - 0x62863000 	C:\Windows\SYSTEM32\atiumdag.dll
0x61c90000 - 0x62278000 	C:\Windows\SYSTEM32\atiumdva.dll
0x66980000 - 0x669a6000 	C:\Users\Steven\p2\p2gui3\p2_IO.dll
0x654d0000 - 0x65509000 	C:\Program Files (x86)\Java\jre1.8.0_92\bin\fontmanager.dll
0x654b0000 - 0x654c6000 	C:\Program Files (x86)\Java\jre1.8.0_92\bin\net.dll
0x748e0000 - 0x7492b000 	C:\Windows\system32\mswsock.dll
0x6f850000 - 0x6f85f000 	C:\Program Files (x86)\Java\jre1.8.0_92\bin\nio.dll
0x61c50000 - 0x61c82000 	C:\Program Files (x86)\Java\jre1.8.0_92\bin\t2k.dll
0x6f3c0000 - 0x6f410000 	C:\Windows\SYSTEM32\oleacc.dll
0x74a80000 - 0x74b0d000 	C:\Windows\SYSTEM32\clbcatq.dll
0x65630000 - 0x65771000 	C:\Windows\SYSTEM32\dbghelp.dll

VM Arguments:
java_command: p2gui
java_class_path (initial): .
Launcher Type: SUN_STANDARD

Environment Variables:
PATH=C:\Program Files (x86)\Microsoft Visual Studio 14.0\Common7\IDE\CommonExtensions\Microsoft\TestWindow;C:\Program Files (x86)\MSBuild\14.0\bin;C:\Program Files (x86)\Microsoft Visual Studio 14.0\Common7\IDE\;C:\Program Files (x86)\Microsoft Visual Studio 14.0\VC\BIN;C:\Program Files (x86)\Microsoft Visual Studio 14.0\Common7\Tools;C:\Windows\Microsoft.NET\Framework\v4.0.30319;C:\Program Files (x86)\Microsoft Visual Studio 14.0\VC\VCPackages;C:\Program Files (x86)\Microsoft Visual Studio 14.0\Team Tools\Performance Tools;C:\Program Files (x86)\Windows Kits\10\bin\x86;C:\Program Files (x86)\Microsoft SDKs\Windows\v10.0A\bin\NETFX 4.6.1 Tools\;C:\ProgramData\Oracle\Java\javapath;C:\Windows\system32;C:\Windows;C:\Windows\System32\Wbem;C:\Windows\System32\WindowsPowerShell\v1.0\;C:\Program Files\Hewlett-Packard\SimplePass\;C:\Program Files (x86)\Windows Live\Shared;C:\Program Files (x86)\ATI Technologies\ATI.ACE\Core-Static;C:\Users\Steven\.dnx\bin;C:\Program Files\Microsoft DNX\Dnvm\;C:\Program Files\Microsoft SQL Server\120\Tools\Binn\;C:\Program Files (x86)\Windows Kits\10\Windows Performance Toolkit\;C:\Program Files (x86)\Java\jdk1.8.0_92\bin;C:\Program Files (x86)\Microsoft SDKs\Windows\v7.1A\Bin;C:\Program Files (x86)\Microsoft SDKs\Windows\v7.1A\Include;C:\Program Files (x86)\Microsoft SDKs\Windows\v7.1A\Lib;C:\Program Files (x86)\Microsoft Visual Studio 14.0\VC\bin;C:\Program Files (x86)\Microsoft Visual Studio 14.0\VC\include;C:\Program Files (x86)\Microsoft Visual Studio 14.0\VC\lib;C:\Program Files (x86)\Microsoft Visual Studio 14.0\Common7\IDE
USERNAME=gingsum
OS=Windows_NT
PROCESSOR_IDENTIFIER=AMD64 Family 21 Model 19 Stepping 1, AuthenticAMD



---------------  S Y S T E M  ---------------

OS: Windows 8.1 , 64 bit Build 9600 (6.3.9600.17415)

CPU:total 4 (4 cores per cpu, 1 threads per core) family 21 model 19 stepping 1, cmov, cx8, fxsr, mmx, sse, sse2, sse3, ssse3, sse4.1, sse4.2, popcnt, avx, aes, clmul, mmxext, 3dnowpref, lzcnt, sse4a, tsc, tscinvbit, tscinv, bmi1

Memory: 4k page, physical 7543048k(4031532k free), swap 8722696k(4012404k free)

vm_info: Java HotSpot(TM) Client VM (25.92-b14) for windows-x86 JRE (1.8.0_92-b14), built on Mar 31 2016 21:09:21 by "java_re" with MS VC++ 10.0 (VS2010)

time: Wed May 18 14:39:44 2016
elapsed time: 3 seconds (0d 0h 0m 3s)

