#
# A fatal error has been detected by the Java Runtime Environment:
#
#  EXCEPTION_ACCESS_VIOLATION (0xc0000005) at pc=0x65206b66, pid=3776, tid=0x0000197c
#
# JRE version: Java(TM) SE Runtime Environment (8.0_92-b14) (build 1.8.0_92-b14)
# Java VM: Java HotSpot(TM) Client VM (25.92-b14 mixed mode, sharing windows-x86 )
# Problematic frame:
# V  [jvm.dll+0x1a6b66]
#
# Failed to write core dump. Minidumps are not enabled by default on client versions of Windows
#
# If you would like to submit a bug report, please visit:
#   http://bugreport.java.com/bugreport/crash.jsp
#

---------------  T H R E A D  ---------------

Current thread (0x0084d000):  JavaThread "main" [_thread_in_vm, id=6524, stack(0x008f0000,0x00940000)]

siginfo: ExceptionCode=0xc0000005, reading address 0x00000001

Registers:
EAX=0x00000001, EBX=0x00000001, ECX=0x0093eb3c, EDX=0x00000001
ESP=0x0093eb00, EBP=0x0093eb00, ESI=0x0084d000, EDI=0x0084d140
EIP=0x65206b66, EFLAGS=0x00010202

Top of Stack: (sp=0x0093eb00)
0x0093eb00:   0093eb18 650a566b 00000001 0084d140
0x0093eb10:   0084d000 14e701c0 0093eb30 650a56e5
0x0093eb20:   0093eb3c 00000001 0084d000 0084d000
0x0093eb30:   0093eb5c 65136772 00000001 0084d000
0x0093eb40:   0084d000 14e701c0 14e701c0 0084d000
0x0093eb50:   00000000 0084d140 02274828 0093eb70
0x0093eb60:   6f3a13ac 0084d140 00000001 0084d140
0x0093eb70:   0093fb88 6f3a1309 00000001 02274828 

Instructions: (pc=0x65206b66)
0x65206b46:   24 c0 3c 80 75 01 4f 41 3b ca 7c f1 5e 8b c7 5f
0x65206b56:   5d c3 cc cc cc cc cc cc cc cc 55 8b ec 8b 55 08
0x65206b66:   8a 0a 33 c0 84 c9 74 13 8b ff 80 e1 c0 80 f9 80
0x65206b76:   74 01 40 8a 4a 01 42 84 c9 75 ef 5d c3 cc cc cc 


Register to memory mapping:

EAX=0x00000001 is an unknown value
EBX=0x00000001 is an unknown value
ECX=0x0093eb3c is pointing into the stack for thread: 0x0084d000
EDX=0x00000001 is an unknown value
ESP=0x0093eb00 is pointing into the stack for thread: 0x0084d000
EBP=0x0093eb00 is pointing into the stack for thread: 0x0084d000
ESI=0x0084d000 is a thread
EDI=0x0084d140 is an unknown value


Stack: [0x008f0000,0x00940000],  sp=0x0093eb00,  free space=314k
Native frames: (J=compiled Java code, j=interpreted, Vv=VM code, C=native code)
V  [jvm.dll+0x1a6b66]
V  [jvm.dll+0x4566b]
V  [jvm.dll+0x456e5]
V  [jvm.dll+0xd6772]
C  [p2_IO.dll+0x13ac]
C  [p2_IO.dll+0x1309]
j  p2_IO.name()[Ljava/lang/String;+0
j  p2_IO.main([Ljava/lang/String;)V+14
v  ~StubRoutines::call_stub
V  [jvm.dll+0x159775]
V  [jvm.dll+0x21f4ae]
V  [jvm.dll+0x15980e]
V  [jvm.dll+0xdb497]
V  [jvm.dll+0xe3a2f]
C  [java.exe+0x229e]
C  [java.exe+0xaeaf]
C  [java.exe+0xaf39]
C  [KERNEL32.DLL+0x17c04]
C  [ntdll.dll+0x5ab8f]
C  [ntdll.dll+0x5ab5a]
C  0x00000000

Java frames: (J=compiled Java code, j=interpreted, Vv=VM code)
j  p2_IO.name()[Ljava/lang/String;+0
j  p2_IO.main([Ljava/lang/String;)V+14
v  ~StubRoutines::call_stub

---------------  P R O C E S S  ---------------

Java Threads: ( => current thread )
  0x02300800 JavaThread "Service Thread" daemon [_thread_blocked, id=11472, stack(0x15850000,0x158a0000)]
  0x022e2000 JavaThread "C1 CompilerThread0" daemon [_thread_blocked, id=6260, stack(0x15800000,0x15850000)]
  0x022e0800 JavaThread "Attach Listener" daemon [_thread_blocked, id=9760, stack(0x151c0000,0x15210000)]
  0x022de800 JavaThread "Signal Dispatcher" daemon [_thread_blocked, id=5148, stack(0x14610000,0x14660000)]
  0x022d4400 JavaThread "Finalizer" daemon [_thread_blocked, id=10712, stack(0x14580000,0x145d0000)]
  0x02277800 JavaThread "Reference Handler" daemon [_thread_blocked, id=4836, stack(0x144f0000,0x14540000)]
=>0x0084d000 JavaThread "main" [_thread_in_vm, id=6524, stack(0x008f0000,0x00940000)]

Other Threads:
  0x02273c00 VMThread [stack: 0x14460000,0x144b0000] [id=1888]
  0x02316400 WatcherThread [stack: 0x158e0000,0x15930000] [id=10176]

VM state:not at safepoint (normal execution)

VM Mutex/Monitor currently owned by a thread: None

Heap:
 def new generation   total 4928K, used 445K [0x04400000, 0x04950000, 0x09950000)
  eden space 4416K,  10% used [0x04400000, 0x0446f758, 0x04850000)
  from space 512K,   0% used [0x04850000, 0x04850000, 0x048d0000)
  to   space 512K,   0% used [0x048d0000, 0x048d0000, 0x04950000)
 tenured generation   total 10944K, used 0K [0x09950000, 0x0a400000, 0x14400000)
   the space 10944K,   0% used [0x09950000, 0x09950000, 0x09950200, 0x0a400000)
 Metaspace       used 46K, capacity 2242K, committed 2368K, reserved 4480K

Card table byte_map: [0x04370000,0x04400000] byte_map_base: 0x0434e000

Polling page: 0x00810000

CodeCache: size=32768Kb used=668Kb max_used=668Kb free=32099Kb
 bounds [0x02370000, 0x02418000, 0x04370000]
 total_blobs=152 nmethods=15 adapters=69
 compilation: enabled

Compilation events (10 events):
Event: 0.122 Thread 0x022e2000   11             java.lang.String::lastIndexOf (52 bytes)
Event: 0.122 Thread 0x022e2000 nmethod 11 0x02415f88 code [0x02416090, 0x0241619c]
Event: 0.122 Thread 0x022e2000   12             java.lang.AbstractStringBuilder::ensureCapacityInternal (16 bytes)
Event: 0.123 Thread 0x022e2000 nmethod 12 0x02416288 code [0x02416390, 0x0241643c]
Event: 0.123 Thread 0x022e2000   13             java.lang.AbstractStringBuilder::append (29 bytes)
Event: 0.123 Thread 0x022e2000 nmethod 13 0x024164c8 code [0x024165d0, 0x024166bc]
Event: 0.127 Thread 0x022e2000   14             java.lang.String::length (6 bytes)
Event: 0.127 Thread 0x022e2000 nmethod 14 0x024167c8 code [0x024168c0, 0x02416950]
Event: 0.128 Thread 0x022e2000   15             java.io.WinNTFileSystem::normalize (143 bytes)
Event: 0.129 Thread 0x022e2000 nmethod 15 0x024169c8 code [0x02416b10, 0x02416d8c]

GC Heap History (0 events):
No events

Deoptimization events (0 events):
No events

Internal exceptions (2 events):
Event: 0.048 Thread 0x0084d000 Exception <a 'java/lang/NoSuchMethodError': Method sun.misc.Unsafe.defineClass(Ljava/lang/String;[BII)Ljava/lang/Class; name or signature does not match> (0x044079d8) thrown at [C:\workspace\8-2-build-windows-i586-cygwin\jdk8u92\6642\hotspot\src\share\vm\pÚVýþb¾¨?
Event: 0.048 Thread 0x0084d000 Exception <a 'java/lang/NoSuchMethodError': Method sun.misc.Unsafe.prefetchRead(Ljava/lang/Object;J)V name or signature does not match> (0x04407ca8) thrown at [C:\workspace\8-2-build-windows-i586-cygwin\jdk8u92\6642\hotspot\src\share\vm\prims\jni.cpp, line

Events (10 events):
Event: 0.112 loading class sun/nio/cs/ThreadLocalCoders
Event: 0.113 loading class sun/nio/cs/ThreadLocalCoders done
Event: 0.113 loading class sun/nio/cs/ThreadLocalCoders$1
Event: 0.113 loading class sun/nio/cs/ThreadLocalCoders$Cache
Event: 0.113 loading class sun/nio/cs/ThreadLocalCoders$Cache done
Event: 0.113 loading class sun/nio/cs/ThreadLocalCoders$1 done
Event: 0.113 loading class sun/nio/cs/ThreadLocalCoders$2
Event: 0.113 loading class sun/nio/cs/ThreadLocalCoders$2 done
Event: 0.122 loading class sun/misc/URLClassPath$FileLoader$1
Event: 0.122 loading class sun/misc/URLClassPath$FileLoader$1 done


Dynamic libraries:
0x00870000 - 0x008a3000 	C:\ProgramData\Oracle\Java\javapath\java.exe
0x77240000 - 0x773af000 	C:\Windows\SYSTEM32\ntdll.dll
0x76750000 - 0x76890000 	C:\Windows\SYSTEM32\KERNEL32.DLL
0x75f50000 - 0x76027000 	C:\Windows\SYSTEM32\KERNELBASE.dll
0x6f490000 - 0x6f530000 	C:\Windows\system32\apphelp.dll
0x657a0000 - 0x65a06000 	C:\Windows\AppPatch\AcGenral.DLL
0x76ad0000 - 0x76b93000 	C:\Windows\SYSTEM32\msvcrt.dll
0x74a30000 - 0x74a71000 	C:\Windows\SYSTEM32\sechost.dll
0x76890000 - 0x768ae000 	C:\Windows\SYSTEM32\SspiCli.dll
0x76160000 - 0x761a5000 	C:\Windows\SYSTEM32\SHLWAPI.dll
0x6f740000 - 0x6f82d000 	C:\Windows\SYSTEM32\UxTheme.dll
0x76260000 - 0x763b3000 	C:\Windows\SYSTEM32\USER32.dll
0x76590000 - 0x7669f000 	C:\Windows\SYSTEM32\GDI32.dll
0x74990000 - 0x749b3000 	C:\Windows\SYSTEM32\WINMM.dll
0x6eca0000 - 0x6ecb3000 	C:\Windows\SYSTEM32\samcli.dll
0x76030000 - 0x76159000 	C:\Windows\SYSTEM32\ole32.dll
0x766a0000 - 0x76735000 	C:\Windows\SYSTEM32\OLEAUT32.dll
0x74580000 - 0x74597000 	C:\Windows\SYSTEM32\MSACM32.dll
0x74240000 - 0x74248000 	C:\Windows\SYSTEM32\VERSION.dll
0x74b10000 - 0x75dcc000 	C:\Windows\SYSTEM32\SHELL32.dll
0x70220000 - 0x7023b000 	C:\Windows\SYSTEM32\USERENV.dll
0x72d90000 - 0x72daa000 	C:\Windows\SYSTEM32\dwmapi.dll
0x706c0000 - 0x7080b000 	C:\Windows\SYSTEM32\urlmon.dll
0x76480000 - 0x764fc000 	C:\Windows\SYSTEM32\ADVAPI32.dll
0x6eb90000 - 0x6ebf5000 	C:\Windows\SYSTEM32\WINSPOOL.DRV
0x6eb70000 - 0x6eb86000 	C:\Windows\SYSTEM32\MPR.dll
0x770b0000 - 0x7716a000 	C:\Windows\SYSTEM32\RPCRT4.dll
0x74a20000 - 0x74a2a000 	C:\Windows\SYSTEM32\CRYPTBASE.dll
0x75dd0000 - 0x75f4d000 	C:\Windows\SYSTEM32\combase.dll
0x74960000 - 0x74983000 	C:\Windows\SYSTEM32\WINMMBASE.dll
0x70210000 - 0x7021f000 	C:\Windows\SYSTEM32\profapi.dll
0x70470000 - 0x706a4000 	C:\Windows\SYSTEM32\iertutil.dll
0x70240000 - 0x7044d000 	C:\Windows\SYSTEM32\WININET.dll
0x749c0000 - 0x74a14000 	C:\Windows\SYSTEM32\bcryptPrimitives.dll
0x761b0000 - 0x761ec000 	C:\Windows\SYSTEM32\cfgmgr32.dll
0x74930000 - 0x74951000 	C:\Windows\SYSTEM32\DEVOBJ.dll
0x74850000 - 0x748db000 	C:\Windows\SYSTEM32\SHCORE.DLL
0x76d30000 - 0x76d57000 	C:\Windows\system32\IMM32.DLL
0x76920000 - 0x76a32000 	C:\Windows\SYSTEM32\MSCTF.dll
0x6fbc0000 - 0x6fdc6000 	C:\Windows\WinSxS\x86_microsoft.windows.common-controls_6595b64144ccf1df_6.0.9600.18006_none_a9ec6aab013aafee\COMCTL32.dll
0x6f150000 - 0x6f20f000 	C:\Program Files (x86)\Java\jre1.8.0_92\bin\msvcr100.dll
0x65060000 - 0x6542b000 	C:\Program Files (x86)\Java\jre1.8.0_92\bin\client\jvm.dll
0x6fe90000 - 0x6fe98000 	C:\Windows\SYSTEM32\WSOCK32.dll
0x76740000 - 0x76746000 	C:\Windows\SYSTEM32\PSAPI.DLL
0x76a80000 - 0x76ad0000 	C:\Windows\SYSTEM32\WS2_32.dll
0x76d60000 - 0x76d67000 	C:\Windows\SYSTEM32\NSI.dll
0x6f890000 - 0x6f89c000 	C:\Program Files (x86)\Java\jre1.8.0_92\bin\verify.dll
0x6f830000 - 0x6f851000 	C:\Program Files (x86)\Java\jre1.8.0_92\bin\java.dll
0x6f6d0000 - 0x6f6e3000 	C:\Program Files (x86)\Java\jre1.8.0_92\bin\zip.dll
0x6f3a0000 - 0x6f3b5000 	C:\Users\Steven\p2\p2GUI\p2_IO.dll
0x669b0000 - 0x66af1000 	C:\Windows\SYSTEM32\dbghelp.dll

VM Arguments:
java_command: p2_IO
java_class_path (initial): .
Launcher Type: SUN_STANDARD

Environment Variables:
PATH=C:\Program Files (x86)\Microsoft Visual Studio 14.0\Common7\IDE\CommonExtensions\Microsoft\TestWindow;C:\Program Files (x86)\MSBuild\14.0\bin;C:\Program Files (x86)\Microsoft Visual Studio 14.0\Common7\IDE\;C:\Program Files (x86)\Microsoft Visual Studio 14.0\VC\BIN;C:\Program Files (x86)\Microsoft Visual Studio 14.0\Common7\Tools;C:\Windows\Microsoft.NET\Framework\v4.0.30319;C:\Program Files (x86)\Microsoft Visual Studio 14.0\VC\VCPackages;C:\Program Files (x86)\Microsoft Visual Studio 14.0\Team Tools\Performance Tools;C:\Program Files (x86)\Windows Kits\10\bin\x86;C:\Program Files (x86)\Microsoft SDKs\Windows\v10.0A\bin\NETFX 4.6.1 Tools\;C:\ProgramData\Oracle\Java\javapath;C:\Windows\system32;C:\Windows;C:\Windows\System32\Wbem;C:\Windows\System32\WindowsPowerShell\v1.0\;C:\Program Files\Hewlett-Packard\SimplePass\;C:\Program Files (x86)\Windows Live\Shared;C:\Program Files (x86)\ATI Technologies\ATI.ACE\Core-Static;C:\Users\Steven\.dnx\bin;C:\Program Files\Microsoft DNX\Dnvm\;C:\Program Files\Microsoft SQL Server\120\Tools\Binn\;C:\Program Files (x86)\Windows Kits\10\Windows Performance Toolkit\;C:\Program Files (x86)\Java\jdk1.8.0_92\bin;C:\Program Files (x86)\Microsoft SDKs\Windows\v7.1A\Bin;C:\Program Files (x86)\Microsoft SDKs\Windows\v7.1A\Include;C:\Program Files (x86)\Microsoft SDKs\Windows\v7.1A\Lib;C:\Program Files (x86)\Microsoft Visual Studio 14.0\VC\bin;C:\Program Files (x86)\Microsoft Visual Studio 14.0\VC\include;C:\Program Files (x86)\Microsoft Visual Studio 14.0\VC\lib;C:\Program Files (x86)\Microsoft Visual Studio 14.0\Common7\IDE
USERNAME=gingsum
OS=Windows_NT
PROCESSOR_IDENTIFIER=AMD64 Family 21 Model 19 Stepping 1, AuthenticAMD



---------------  S Y S T E M  ---------------

OS: Windows 8.1 , 64 bit Build 9600 (6.3.9600.17415)

CPU:total 4 (4 cores per cpu, 1 threads per core) family 21 model 19 stepping 1, cmov, cx8, fxsr, mmx, sse, sse2, sse3, ssse3, sse4.1, sse4.2, popcnt, avx, aes, clmul, mmxext, 3dnowpref, lzcnt, sse4a, tsc, tscinvbit, tscinv, bmi1

Memory: 4k page, physical 7543048k(4184532k free), swap 8722696k(4463640k free)

vm_info: Java HotSpot(TM) Client VM (25.92-b14) for windows-x86 JRE (1.8.0_92-b14), built on Mar 31 2016 21:09:21 by "java_re" with MS VC++ 10.0 (VS2010)

time: Tue May 17 18:50:32 2016
elapsed time: 0 seconds (0d 0h 0m 0s)

